Using pre-set license
Built from '6000.0/release' branch; Version is '6000.0.29f1 (9fafe5c9db65) revision 10465253'; Using compiler version '193933523'; Build Type 'Release'
OS: 'Windows 11  (10.0.26100) 64bit Professional' Language: 'en' Physical Memory: 98206 MB
BatchMode: 1, IsHumanControllingUs: 0, StartBugReporterOnCrash: 0, Is64bit: 1, IsPro: 1

COMMAND LINE ARGUMENTS:
C:\Program Files\Unity\Hub\Editor\6000.0.29f1\Editor\Unity.exe
-adb2
-batchMode
-noUpm
-name
AssetImportWorker0
-projectPath
C:/Users/Ami/Documents/FishGame/FishGame
-logFile
Logs/AssetImportWorker0.log
-srvPort
52772
-job-worker-count
11
-background-job-worker-count
8
-asset-garbage-collectors
1
Successfully changed project path to: C:/Users/Ami/Documents/FishGame/FishGame
C:/Users/Ami/Documents/FishGame/FishGame
[UnityMemory] Configuration Parameters - Can be set up in boot.config
    "memorysetup-bucket-allocator-granularity=16"
    "memorysetup-bucket-allocator-bucket-count=8"
    "memorysetup-bucket-allocator-block-size=33554432"
    "memorysetup-bucket-allocator-block-count=8"
    "memorysetup-main-allocator-block-size=16777216"
    "memorysetup-thread-allocator-block-size=16777216"
    "memorysetup-gfx-main-allocator-block-size=16777216"
    "memorysetup-gfx-thread-allocator-block-size=16777216"
    "memorysetup-cache-allocator-block-size=4194304"
    "memorysetup-typetree-allocator-block-size=2097152"
    "memorysetup-profiler-bucket-allocator-granularity=16"
    "memorysetup-profiler-bucket-allocator-bucket-count=8"
    "memorysetup-profiler-bucket-allocator-block-size=33554432"
    "memorysetup-profiler-bucket-allocator-block-count=8"
    "memorysetup-profiler-allocator-block-size=16777216"
    "memorysetup-profiler-editor-allocator-block-size=1048576"
    "memorysetup-temp-allocator-size-main=16777216"
    "memorysetup-job-temp-allocator-block-size=2097152"
    "memorysetup-job-temp-allocator-block-size-background=1048576"
    "memorysetup-job-temp-allocator-reduction-small-platforms=262144"
    "memorysetup-allocator-temp-initial-block-size-main=262144"
    "memorysetup-allocator-temp-initial-block-size-worker=262144"
    "memorysetup-temp-allocator-size-background-worker=32768"
    "memorysetup-temp-allocator-size-job-worker=262144"
    "memorysetup-temp-allocator-size-preload-manager=33554432"
    "memorysetup-temp-allocator-size-nav-mesh-worker=65536"
    "memorysetup-temp-allocator-size-audio-worker=65536"
    "memorysetup-temp-allocator-size-cloud-worker=32768"
    "memorysetup-temp-allocator-size-gi-baking-worker=262144"
    "memorysetup-temp-allocator-size-gi-baking-worker=262144"
    "memorysetup-temp-allocator-size-gi-baking-worker=262144"
    "memorysetup-temp-allocator-size-gi-baking-worker=262144"
    "memorysetup-temp-allocator-size-gi-baking-worker=262144"
    "memorysetup-temp-allocator-size-gfx=262144"
Player connection [27044]  Target information:

Player connection [27044]  * "[IP] 192.168.2.6 [Port] 0 [Flags] 2 [Guid] 926628115 [EditorId] 926628115 [Version] 1048832 [Id] WindowsEditor(7,AMI-DT) [Debug] 1 [PackageName] WindowsEditor [ProjectName] Editor" 

Player connection [27044] Host joined multi-casting on [225.0.0.222:54997]...
Player connection [27044] Host joined alternative multi-casting on [225.0.0.222:34997]...
JobSystem: Creating JobQueue using job-worker-count value 11
[Physics::Module] Initialized fallback backend.
[Physics::Module] Id: 0xdecafbad
Library Redirect Path: Library/
[Physics::Module] Selected backend.
[Physics::Module] Name: PhysX
[Physics::Module] Id: 0xf2b8ea05
[Physics::Module] SDK Version: 4.1.2
[Physics::Module] Integration Version: 1.0.0
[Physics::Module] Threading Mode: Multi-Threaded
Refreshing native plugins compatible for Editor in 3.02 ms, found 4 plugins.
Preloading 0 native plugins for Editor in 0.00 ms.
Initialize engine version: 6000.0.29f1 (9fafe5c9db65)
[Subsystems] Discovering subsystems at path C:/Program Files/Unity/Hub/Editor/6000.0.29f1/Editor/Data/Resources/UnitySubsystems
[Subsystems] Discovering subsystems at path C:/Users/Ami/Documents/FishGame/FishGame/Assets
GfxDevice: creating device client; kGfxThreadingModeNonThreaded
Direct3D:
    Version:  Direct3D 11.0 [level 11.1]
    Renderer: NVIDIA GeForce RTX 4070 (ID=0x2786)
    Vendor:   NVIDIA
    VRAM:     12012 MB
    Driver:   32.0.15.7680
Initialize mono
Mono path[0] = 'C:/Program Files/Unity/Hub/Editor/6000.0.29f1/Editor/Data/Managed'
Mono path[1] = 'C:/Program Files/Unity/Hub/Editor/6000.0.29f1/Editor/Data/MonoBleedingEdge/lib/mono/unityjit-win32'
Mono config path = 'C:/Program Files/Unity/Hub/Editor/6000.0.29f1/Editor/Data/MonoBleedingEdge/etc'
Using monoOptions --debugger-agent=transport=dt_socket,embedding=1,server=y,suspend=n,address=127.0.0.1:56328
Begin MonoManager ReloadAssembly
Registering precompiled unity dll's ...
Register platform support module: C:/Program Files/Unity/Hub/Editor/6000.0.29f1/Editor/Data/PlaybackEngines/WebGLSupport/UnityEditor.WebGL.Extensions.dll
Register platform support module: C:/Program Files/Unity/Hub/Editor/6000.0.29f1/Editor/Data/PlaybackEngines/WindowsStandaloneSupport/UnityEditor.WindowsStandalone.Extensions.dll
Register platform support module: C:/Program Files/Unity/Hub/Editor/6000.0.29f1/Editor/Data/PlaybackEngines/MetroSupport/UnityEditor.UWP.Extensions.dll
Register platform support module: C:/Program Files/Unity/Hub/Editor/6000.0.29f1/Editor/Data/PlaybackEngines/AndroidPlayer/UnityEditor.Android.Extensions.dll
Registered in 0.006774 seconds.
- Loaded All Assemblies, in  0.330 seconds
Native extension for Android target not found
Android Extension - Scanning For ADB Devices 213 ms
Native extension for UWP target not found
Native extension for WindowsStandalone target not found
Native extension for WebGL target not found
Mono: successfully reloaded assembly
- Finished resetting the current domain, in  0.531 seconds
Domain Reload Profiling: 858ms
	BeginReloadAssembly (110ms)
		ExecutionOrderSort (0ms)
		DisableScriptedObjects (0ms)
		BackupInstance (0ms)
		ReleaseScriptingObjects (0ms)
		CreateAndSetChildDomain (1ms)
	RebuildCommonClasses (32ms)
	RebuildNativeTypeToScriptingClass (10ms)
	initialDomainReloadingComplete (46ms)
	LoadAllAssembliesAndSetupDomain (130ms)
		LoadAssemblies (107ms)
		RebuildTransferFunctionScriptingTraits (0ms)
		AnalyzeDomain (127ms)
			TypeCache.Refresh (125ms)
				TypeCache.ScanAssembly (115ms)
			BuildScriptInfoCaches (0ms)
			ResolveRequiredComponents (0ms)
	FinalizeReload (531ms)
		ReleaseScriptCaches (0ms)
		RebuildScriptCaches (0ms)
		SetupLoadedEditorAssemblies (493ms)
			LogAssemblyErrors (0ms)
			InitializePlatformSupportModulesInManaged (299ms)
			SetLoadedEditorAssemblies (3ms)
			BeforeProcessingInitializeOnLoad (5ms)
			ProcessInitializeOnLoadAttributes (125ms)
			ProcessInitializeOnLoadMethodAttributes (57ms)
			AfterProcessingInitializeOnLoad (2ms)
			EditorAssembliesLoaded (0ms)
		ExecutionOrderSort2 (0ms)
		AwakeInstancesAfterBackupRestoration (0ms)
========================================================================
Worker process is ready to serve import requests
Import Worker Mode flag is 0x00
Begin MonoManager ReloadAssembly
- Loaded All Assemblies, in  0.677 seconds
Refreshing native plugins compatible for Editor in 2.11 ms, found 4 plugins.
Native extension for Android target not found
Native extension for UWP target not found
Native extension for WindowsStandalone target not found
Native extension for WebGL target not found
Mono: successfully reloaded assembly
- Finished resetting the current domain, in  0.650 seconds
Domain Reload Profiling: 1322ms
	BeginReloadAssembly (141ms)
		ExecutionOrderSort (0ms)
		DisableScriptedObjects (5ms)
		BackupInstance (0ms)
		ReleaseScriptingObjects (0ms)
		CreateAndSetChildDomain (26ms)
	RebuildCommonClasses (28ms)
	RebuildNativeTypeToScriptingClass (9ms)
	initialDomainReloadingComplete (34ms)
	LoadAllAssembliesAndSetupDomain (458ms)
		LoadAssemblies (315ms)
		RebuildTransferFunctionScriptingTraits (0ms)
		AnalyzeDomain (226ms)
			TypeCache.Refresh (155ms)
				TypeCache.ScanAssembly (141ms)
			BuildScriptInfoCaches (60ms)
			ResolveRequiredComponents (9ms)
	FinalizeReload (651ms)
		ReleaseScriptCaches (0ms)
		RebuildScriptCaches (0ms)
		SetupLoadedEditorAssemblies (528ms)
			LogAssemblyErrors (0ms)
			InitializePlatformSupportModulesInManaged (11ms)
			SetLoadedEditorAssemblies (4ms)
			BeforeProcessingInitializeOnLoad (71ms)
			ProcessInitializeOnLoadAttributes (346ms)
			ProcessInitializeOnLoadMethodAttributes (87ms)
			AfterProcessingInitializeOnLoad (8ms)
			EditorAssembliesLoaded (0ms)
		ExecutionOrderSort2 (0ms)
		AwakeInstancesAfterBackupRestoration (5ms)
Launched and connected shader compiler UnityShaderCompiler.exe after 0.01 seconds
Refreshing native plugins compatible for Editor in 3.58 ms, found 4 plugins.
Preloading 0 native plugins for Editor in 0.00 ms.
Unloading 219 Unused Serialized files (Serialized files now loaded: 0)
Unloading 6596 unused Assets / (4.7 MB). Loaded Objects now: 7293.
Memory consumption went from 178.8 MB to 174.1 MB.
Total: 12.730200 ms (FindLiveObjects: 1.168000 ms CreateObjectMapping: 0.654700 ms MarkObjects: 7.609500 ms  DeleteObjects: 3.296600 ms)

========================================================================
Received Import Request.
  Time since last request: 10058.003246 seconds.
  path: Assets/AmiSF/Prefabs/mini games/moderate.prefab
  artifactKey: Guid(6922d38a7d0c965488dc70dd2016e077) Importer(815301076,1909f56bfc062723c751e8b465ee728b)
Start importing Assets/AmiSF/Prefabs/mini games/moderate.prefab using Guid(6922d38a7d0c965488dc70dd2016e077) Importer(815301076,1909f56bfc062723c751e8b465ee728b) (PreviewImporter) -> (artifact id: 'de2143f783b6d311b22556d5373c8db9') in 0.4088037 seconds
Number of updated asset objects reloaded before import = 0Number of asset objects unloaded after import = 66

========================================================================
Received Import Request.
  Time since last request: 8.115290 seconds.
  path: Assets/AmiSF/Prefabs/GAME_MGR.prefab
  artifactKey: Guid(44aeb5e1d45d12248a2235ce8e36213b) Importer(815301076,1909f56bfc062723c751e8b465ee728b)
Start importing Assets/AmiSF/Prefabs/GAME_MGR.prefab using Guid(44aeb5e1d45d12248a2235ce8e36213b) Importer(815301076,1909f56bfc062723c751e8b465ee728b) (PreviewImporter) -> (artifact id: '7a66bd56fe020679dde3817381683fd3') in 0.158127 seconds
Number of updated asset objects reloaded before import = 0Number of asset objects unloaded after import = 658

========================================================================
Received Import Request.
  Time since last request: 46.588424 seconds.
  path: Assets/AmiSF/Prefabs/mini games/make some noise 1.prefab
  artifactKey: Guid(086003f7a4ce9304e8f46adf3ea3b65e) Importer(815301076,1909f56bfc062723c751e8b465ee728b)
Start importing Assets/AmiSF/Prefabs/mini games/make some noise 1.prefab using Guid(086003f7a4ce9304e8f46adf3ea3b65e) Importer(815301076,1909f56bfc062723c751e8b465ee728b) (PreviewImporter) -> (artifact id: 'e5888567ab73ea6b075e1f7b904c9c9d') in 0.0152129 seconds
Number of updated asset objects reloaded before import = 0Number of asset objects unloaded after import = 58

========================================================================
Received Import Request.
  Time since last request: 10.623278 seconds.
  path: Assets/AmiSF/Prefabs/mini games/bring alcohol.prefab
  artifactKey: Guid(086003f7a4ce9304e8f46adf3ea3b65e) Importer(815301076,1909f56bfc062723c751e8b465ee728b)
Start importing Assets/AmiSF/Prefabs/mini games/bring alcohol.prefab using Guid(086003f7a4ce9304e8f46adf3ea3b65e) Importer(815301076,1909f56bfc062723c751e8b465ee728b) (PreviewImporter) -> (artifact id: '2bf0be4bb159ef05d96246c0b4338cd6') in 0.0150113 seconds
Number of updated asset objects reloaded before import = 0Number of asset objects unloaded after import = 58

========================================================================
Received Import Request.
  Time since last request: 12.392987 seconds.
  path: Assets/AmiSF/Sprites/instructions/make some noise 1.png
  artifactKey: Guid(06f9853ed3b84614f81ca0ce661f07d4) Importer(815301076,1909f56bfc062723c751e8b465ee728b)
Start importing Assets/AmiSF/Sprites/instructions/make some noise 1.png using Guid(06f9853ed3b84614f81ca0ce661f07d4) Importer(815301076,1909f56bfc062723c751e8b465ee728b) (PreviewImporter) -> (artifact id: 'f8707e0019b2fb0e3f01e6d8bb1e2f7e') in 0.0255783 seconds
Number of updated asset objects reloaded before import = 0Number of asset objects unloaded after import = 3

========================================================================
Received Import Request.
  Time since last request: 3.899784 seconds.
  path: Assets/AmiSF/Sprites/instructions/bring alcohol.png
  artifactKey: Guid(06f9853ed3b84614f81ca0ce661f07d4) Importer(815301076,1909f56bfc062723c751e8b465ee728b)
Start importing Assets/AmiSF/Sprites/instructions/bring alcohol.png using Guid(06f9853ed3b84614f81ca0ce661f07d4) Importer(815301076,1909f56bfc062723c751e8b465ee728b) (PreviewImporter) -> (artifact id: '2ff751a9f3b62243b77d940580779fd5') in 0.00622 seconds
Number of updated asset objects reloaded before import = 0Number of asset objects unloaded after import = 3

========================================================================
Received Import Request.
  Time since last request: 41.768735 seconds.
  path: Assets/AmiSF/Sprites/instructions/bring alcohol.png
  artifactKey: Guid(06f9853ed3b84614f81ca0ce661f07d4) Importer(815301076,1909f56bfc062723c751e8b465ee728b)
Start importing Assets/AmiSF/Sprites/instructions/bring alcohol.png using Guid(06f9853ed3b84614f81ca0ce661f07d4) Importer(815301076,1909f56bfc062723c751e8b465ee728b) (PreviewImporter) -> (artifact id: '7a97ed2df34276ca20878059785e2672') in 0.0129584 seconds
Number of updated asset objects reloaded before import = 0Number of asset objects unloaded after import = 3

========================================================================
Received Import Request.
  Time since last request: 119.897537 seconds.
  path: Assets/AmiSF/Music/Mio mao  sped up.mp3
  artifactKey: Guid(d1f580384e8d35c40b6032cd7b1bc133) Importer(815301076,1909f56bfc062723c751e8b465ee728b)
Start importing Assets/AmiSF/Music/Mio mao  sped up.mp3 using Guid(d1f580384e8d35c40b6032cd7b1bc133) Importer(815301076,1909f56bfc062723c751e8b465ee728b) (PreviewImporter) -> (artifact id: '6e8379c7e4ba6a308ae8db0e0a5ab4ff') in 0.0339698 seconds
Number of updated asset objects reloaded before import = 0Number of asset objects unloaded after import = 2

========================================================================
Received Import Request.
  Time since last request: 10.830348 seconds.
  path: Assets/AmiSF/Music/Mio mao  sped up.mp3
  artifactKey: Guid(d1f580384e8d35c40b6032cd7b1bc133) Importer(815301076,1909f56bfc062723c751e8b465ee728b)
Start importing Assets/AmiSF/Music/Mio mao  sped up.mp3 using Guid(d1f580384e8d35c40b6032cd7b1bc133) Importer(815301076,1909f56bfc062723c751e8b465ee728b) (PreviewImporter) -> (artifact id: '599d6d530cfca5e3dda86b277ea3cb1c') in 0.0109243 seconds
Number of updated asset objects reloaded before import = 0Number of asset objects unloaded after import = 2

========================================================================
Received Import Request.
  Time since last request: 49.251163 seconds.
  path: Assets/AmiSF/Scripts/minigames/bring alcohol
  artifactKey: Guid(f42dc3ed79b067d43a0da4fe36954e8b) Importer(815301076,1909f56bfc062723c751e8b465ee728b)
Start importing Assets/AmiSF/Scripts/minigames/bring alcohol using Guid(f42dc3ed79b067d43a0da4fe36954e8b) Importer(815301076,1909f56bfc062723c751e8b465ee728b) (PreviewImporter) -> (artifact id: 'ee10fc711fa84e1347abc10e8ca14226') in 0.0004998 seconds
Number of updated asset objects reloaded before import = 0Number of asset objects unloaded after import = 0

========================================================================
Received Import Request.
  Time since last request: 3.455895 seconds.
  path: Assets/AmiSF/Scripts/minigames/_tutorial/TutorialScript.cs
  artifactKey: Guid(415ff487ee6a630408b9aff833763c46) Importer(815301076,1909f56bfc062723c751e8b465ee728b)
Start importing Assets/AmiSF/Scripts/minigames/_tutorial/TutorialScript.cs using Guid(415ff487ee6a630408b9aff833763c46) Importer(815301076,1909f56bfc062723c751e8b465ee728b) (PreviewImporter) -> (artifact id: '2a60774110844c7821d0d743ba584915') in 0.0009723 seconds
Number of updated asset objects reloaded before import = 0Number of asset objects unloaded after import = 0

========================================================================
Received Prepare
Refreshing native plugins compatible for Editor in 3.76 ms, found 4 plugins.
Preloading 0 native plugins for Editor in 0.00 ms.
Unloading 13 Unused Serialized files (Serialized files now loaded: 0)
Unloading 6584 unused Assets / (4.1 MB). Loaded Objects now: 7438.
Memory consumption went from 154.7 MB to 150.6 MB.
Total: 15.561700 ms (FindLiveObjects: 1.106200 ms CreateObjectMapping: 0.608800 ms MarkObjects: 10.725500 ms  DeleteObjects: 3.119600 ms)

Prepare: number of updated asset objects reloaded= 0
========================================================================
Received Import Request.
  Time since last request: 3.034357 seconds.
  path: Assets/AmiSF/Scripts/minigames/_tutorial/TutorialScript1.cs
  artifactKey: Guid(afbf72f2fbbae7b45bd5c76cbd8a55f1) Importer(815301076,1909f56bfc062723c751e8b465ee728b)
Start importing Assets/AmiSF/Scripts/minigames/_tutorial/TutorialScript1.cs using Guid(afbf72f2fbbae7b45bd5c76cbd8a55f1) Importer(815301076,1909f56bfc062723c751e8b465ee728b) (PreviewImporter) -> (artifact id: 'e122a066bf47e408b5ba443106e24e6a') in 0.005308 seconds
Number of updated asset objects reloaded before import = 0Number of asset objects unloaded after import = 0

========================================================================
Received Import Request.
  Time since last request: 13.273530 seconds.
  path: Assets/AmiSF/Scripts/minigames/bring alcohol/Bring_Alcohol.cs
  artifactKey: Guid(afbf72f2fbbae7b45bd5c76cbd8a55f1) Importer(815301076,1909f56bfc062723c751e8b465ee728b)
Start importing Assets/AmiSF/Scripts/minigames/bring alcohol/Bring_Alcohol.cs using Guid(afbf72f2fbbae7b45bd5c76cbd8a55f1) Importer(815301076,1909f56bfc062723c751e8b465ee728b) (PreviewImporter) -> (artifact id: '1bd3782d4f8e839fae5d600e576bc7b1') in 0.0005523 seconds
Number of updated asset objects reloaded before import = 0Number of asset objects unloaded after import = 0

========================================================================
Received Import Request.
  Time since last request: 32.730150 seconds.
  path: Assets/AmiSF/Scripts/minigames/bring alcohol/BringAlcohol.cs
  artifactKey: Guid(afbf72f2fbbae7b45bd5c76cbd8a55f1) Importer(815301076,1909f56bfc062723c751e8b465ee728b)
Start importing Assets/AmiSF/Scripts/minigames/bring alcohol/BringAlcohol.cs using Guid(afbf72f2fbbae7b45bd5c76cbd8a55f1) Importer(815301076,1909f56bfc062723c751e8b465ee728b) (PreviewImporter) -> (artifact id: 'b9c8f12c8c14e3f739cbc7e133affbf2') in 0.0007469 seconds
Number of updated asset objects reloaded before import = 0Number of asset objects unloaded after import = 0

========================================================================
Received Prepare
Refreshing native plugins compatible for Editor in 3.99 ms, found 4 plugins.
Preloading 0 native plugins for Editor in 0.00 ms.
Unloading 13 Unused Serialized files (Serialized files now loaded: 0)
Unloading 6585 unused Assets / (2.5 MB). Loaded Objects now: 7439.
Memory consumption went from 154.7 MB to 152.2 MB.
Total: 18.099900 ms (FindLiveObjects: 1.387100 ms CreateObjectMapping: 0.899600 ms MarkObjects: 12.314900 ms  DeleteObjects: 3.497000 ms)

Prepare: number of updated asset objects reloaded= 0
========================================================================
Received Import Request.
  Time since last request: 7.563064 seconds.
  path: Assets/AmiSF/Scripts/minigames/bring alcohol/BringAlcohol1.cs
  artifactKey: Guid(414ec10d5995a8c4f98510873d679dee) Importer(815301076,1909f56bfc062723c751e8b465ee728b)
Start importing Assets/AmiSF/Scripts/minigames/bring alcohol/BringAlcohol1.cs using Guid(414ec10d5995a8c4f98510873d679dee) Importer(815301076,1909f56bfc062723c751e8b465ee728b) (PreviewImporter) -> (artifact id: '71cb0296e202c0b9970b7a2131127178') in 0.005096 seconds
Number of updated asset objects reloaded before import = 0Number of asset objects unloaded after import = 0

========================================================================
Received Prepare
Refreshing native plugins compatible for Editor in 3.98 ms, found 4 plugins.
Preloading 0 native plugins for Editor in 0.00 ms.
Unloading 13 Unused Serialized files (Serialized files now loaded: 0)
Unloading 6585 unused Assets / (4.4 MB). Loaded Objects now: 7439.
Memory consumption went from 154.7 MB to 150.3 MB.
Total: 16.192400 ms (FindLiveObjects: 1.293500 ms CreateObjectMapping: 0.981000 ms MarkObjects: 10.380900 ms  DeleteObjects: 3.535300 ms)

Prepare: number of updated asset objects reloaded= 0
========================================================================
Received Import Request.
  Time since last request: 9.286725 seconds.
  path: Assets/AmiSF/Scripts/minigames/bring alcohol/BringAlcohol1.cs
  artifactKey: Guid(414ec10d5995a8c4f98510873d679dee) Importer(815301076,1909f56bfc062723c751e8b465ee728b)
Start importing Assets/AmiSF/Scripts/minigames/bring alcohol/BringAlcohol1.cs using Guid(414ec10d5995a8c4f98510873d679dee) Importer(815301076,1909f56bfc062723c751e8b465ee728b) (PreviewImporter) -> (artifact id: '72921ca1c8d827cf1b1def6d9c71470c') in 0.0212846 seconds
Number of updated asset objects reloaded before import = 0Number of asset objects unloaded after import = 0

========================================================================
Received Import Request.
  Time since last request: 0.646535 seconds.
  path: Assets/AmiSF/Scripts/minigames/bring alcohol/BringAlcohol1.cs
  artifactKey: Guid(414ec10d5995a8c4f98510873d679dee) Importer(815301076,1909f56bfc062723c751e8b465ee728b)
Start importing Assets/AmiSF/Scripts/minigames/bring alcohol/BringAlcohol1.cs using Guid(414ec10d5995a8c4f98510873d679dee) Importer(815301076,1909f56bfc062723c751e8b465ee728b) (PreviewImporter) -> (artifact id: '72921ca1c8d827cf1b1def6d9c71470c') in 0.0006127 seconds
Number of updated asset objects reloaded before import = 0Number of asset objects unloaded after import = 0

========================================================================
Received Prepare
Refreshing native plugins compatible for Editor in 3.85 ms, found 4 plugins.
Preloading 0 native plugins for Editor in 0.00 ms.
Unloading 13 Unused Serialized files (Serialized files now loaded: 0)
Unloading 6584 unused Assets / (4.7 MB). Loaded Objects now: 7438.
Memory consumption went from 154.7 MB to 149.9 MB.
Total: 15.867700 ms (FindLiveObjects: 1.105100 ms CreateObjectMapping: 0.606900 ms MarkObjects: 10.557600 ms  DeleteObjects: 3.596600 ms)

Prepare: number of updated asset objects reloaded= 0
========================================================================
Received Prepare
Begin MonoManager ReloadAssembly
- Loaded All Assemblies, in  0.684 seconds
Refreshing native plugins compatible for Editor in 1.92 ms, found 4 plugins.
Native extension for Android target not found
Native extension for UWP target not found
Native extension for WindowsStandalone target not found
Native extension for WebGL target not found
Mono: successfully reloaded assembly
- Finished resetting the current domain, in  0.631 seconds
Domain Reload Profiling: 1311ms
	BeginReloadAssembly (200ms)
		ExecutionOrderSort (0ms)
		DisableScriptedObjects (22ms)
		BackupInstance (0ms)
		ReleaseScriptingObjects (0ms)
		CreateAndSetChildDomain (57ms)
	RebuildCommonClasses (29ms)
	RebuildNativeTypeToScriptingClass (11ms)
	initialDomainReloadingComplete (27ms)
	LoadAllAssembliesAndSetupDomain (412ms)
		LoadAssemblies (315ms)
		RebuildTransferFunctionScriptingTraits (0ms)
		AnalyzeDomain (180ms)
			TypeCache.Refresh (8ms)
				TypeCache.ScanAssembly (1ms)
			BuildScriptInfoCaches (160ms)
			ResolveRequiredComponents (9ms)
	FinalizeReload (631ms)
		ReleaseScriptCaches (0ms)
		RebuildScriptCaches (0ms)
		SetupLoadedEditorAssemblies (460ms)
			LogAssemblyErrors (0ms)
			InitializePlatformSupportModulesInManaged (11ms)
			SetLoadedEditorAssemblies (4ms)
			BeforeProcessingInitializeOnLoad (64ms)
			ProcessInitializeOnLoadAttributes (321ms)
			ProcessInitializeOnLoadMethodAttributes (51ms)
			AfterProcessingInitializeOnLoad (8ms)
			EditorAssembliesLoaded (0ms)
		ExecutionOrderSort2 (0ms)
		AwakeInstancesAfterBackupRestoration (9ms)
Refreshing native plugins compatible for Editor in 3.81 ms, found 4 plugins.
Preloading 0 native plugins for Editor in 0.00 ms.
Unloading 13 Unused Serialized files (Serialized files now loaded: 0)
Unloading 6595 unused Assets / (4.6 MB). Loaded Objects now: 7339.
Memory consumption went from 153.2 MB to 148.6 MB.
Total: 12.465700 ms (FindLiveObjects: 1.292000 ms CreateObjectMapping: 0.783400 ms MarkObjects: 7.329500 ms  DeleteObjects: 3.059900 ms)

Prepare: number of updated asset objects reloaded= 0
========================================================================
Received Import Request.
  Time since last request: 11.903636 seconds.
  path: Assets/AmiSF/Scripts/minigames/bring alcohol/BringAlcohol1.cs
  artifactKey: Guid(414ec10d5995a8c4f98510873d679dee) Importer(815301076,1909f56bfc062723c751e8b465ee728b)
Start importing Assets/AmiSF/Scripts/minigames/bring alcohol/BringAlcohol1.cs using Guid(414ec10d5995a8c4f98510873d679dee) Importer(815301076,1909f56bfc062723c751e8b465ee728b) (PreviewImporter) -> (artifact id: 'c55a1185050e77b6211d3a33726e27e2') in 0.0105849 seconds
Number of updated asset objects reloaded before import = 0Number of asset objects unloaded after import = 0

========================================================================
Received Import Request.
  Time since last request: 3.053712 seconds.
  path: Assets/AmiSF/Scripts/minigames/bring alcohol/BringAlcohol.cs
  artifactKey: Guid(414ec10d5995a8c4f98510873d679dee) Importer(815301076,1909f56bfc062723c751e8b465ee728b)
Start importing Assets/AmiSF/Scripts/minigames/bring alcohol/BringAlcohol.cs using Guid(414ec10d5995a8c4f98510873d679dee) Importer(815301076,1909f56bfc062723c751e8b465ee728b) (PreviewImporter) -> (artifact id: 'c3fb6a5116a9cc65fbec957743706f47') in 0.0006479 seconds
Number of updated asset objects reloaded before import = 0Number of asset objects unloaded after import = 0

========================================================================
Received Prepare
Begin MonoManager ReloadAssembly
- Loaded All Assemblies, in  0.687 seconds
Refreshing native plugins compatible for Editor in 2.04 ms, found 4 plugins.
Native extension for Android target not found
Native extension for UWP target not found
Native extension for WindowsStandalone target not found
Native extension for WebGL target not found
Mono: successfully reloaded assembly
- Finished resetting the current domain, in  0.701 seconds
Domain Reload Profiling: 1384ms
	BeginReloadAssembly (193ms)
		ExecutionOrderSort (0ms)
		DisableScriptedObjects (12ms)
		BackupInstance (0ms)
		ReleaseScriptingObjects (0ms)
		CreateAndSetChildDomain (45ms)
	RebuildCommonClasses (35ms)
	RebuildNativeTypeToScriptingClass (12ms)
	initialDomainReloadingComplete (34ms)
	LoadAllAssembliesAndSetupDomain (409ms)
		LoadAssemblies (332ms)
		RebuildTransferFunctionScriptingTraits (0ms)
		AnalyzeDomain (173ms)
			TypeCache.Refresh (8ms)
				TypeCache.ScanAssembly (1ms)
			BuildScriptInfoCaches (153ms)
			ResolveRequiredComponents (9ms)
	FinalizeReload (701ms)
		ReleaseScriptCaches (0ms)
		RebuildScriptCaches (0ms)
		SetupLoadedEditorAssemblies (518ms)
			LogAssemblyErrors (0ms)
			InitializePlatformSupportModulesInManaged (12ms)
			SetLoadedEditorAssemblies (5ms)
			BeforeProcessingInitializeOnLoad (74ms)
			ProcessInitializeOnLoadAttributes (364ms)
			ProcessInitializeOnLoadMethodAttributes (51ms)
			AfterProcessingInitializeOnLoad (11ms)
			EditorAssembliesLoaded (0ms)
		ExecutionOrderSort2 (0ms)
		AwakeInstancesAfterBackupRestoration (12ms)
Refreshing native plugins compatible for Editor in 3.59 ms, found 4 plugins.
Preloading 0 native plugins for Editor in 0.00 ms.
Unloading 13 Unused Serialized files (Serialized files now loaded: 0)
Unloading 6595 unused Assets / (4.5 MB). Loaded Objects now: 7341.
Memory consumption went from 153.0 MB to 148.5 MB.
Total: 13.064600 ms (FindLiveObjects: 1.527400 ms CreateObjectMapping: 0.717400 ms MarkObjects: 7.694600 ms  DeleteObjects: 3.123300 ms)

Prepare: number of updated asset objects reloaded= 0
========================================================================
Received Import Request.
  Time since last request: 6.433842 seconds.
  path: Assets/AmiSF/Scripts/minigames/bring alcohol/BringAlcohol.cs
  artifactKey: Guid(414ec10d5995a8c4f98510873d679dee) Importer(815301076,1909f56bfc062723c751e8b465ee728b)
Start importing Assets/AmiSF/Scripts/minigames/bring alcohol/BringAlcohol.cs using Guid(414ec10d5995a8c4f98510873d679dee) Importer(815301076,1909f56bfc062723c751e8b465ee728b) (PreviewImporter) -> (artifact id: 'a512b10579081afdcd37fa97790844cb') in 0.0135596 seconds
Number of updated asset objects reloaded before import = 0Number of asset objects unloaded after import = 0

========================================================================
Received Prepare
Refreshing native plugins compatible for Editor in 4.45 ms, found 4 plugins.
Preloading 0 native plugins for Editor in 0.00 ms.
Unloading 13 Unused Serialized files (Serialized files now loaded: 0)
Unloading 6584 unused Assets / (4.3 MB). Loaded Objects now: 7341.
Memory consumption went from 153.2 MB to 148.9 MB.
Total: 15.431600 ms (FindLiveObjects: 1.322400 ms CreateObjectMapping: 1.381700 ms MarkObjects: 9.151300 ms  DeleteObjects: 3.574300 ms)

Prepare: number of updated asset objects reloaded= 0
========================================================================
Received Prepare
Begin MonoManager ReloadAssembly
- Loaded All Assemblies, in  0.851 seconds
Refreshing native plugins compatible for Editor in 2.69 ms, found 4 plugins.
Native extension for Android target not found
Native extension for UWP target not found
Native extension for WindowsStandalone target not found
Native extension for WebGL target not found
Mono: successfully reloaded assembly
- Finished resetting the current domain, in  0.866 seconds
Domain Reload Profiling: 1712ms
	BeginReloadAssembly (226ms)
		ExecutionOrderSort (0ms)
		DisableScriptedObjects (17ms)
		BackupInstance (0ms)
		ReleaseScriptingObjects (0ms)
		CreateAndSetChildDomain (49ms)
	RebuildCommonClasses (32ms)
	RebuildNativeTypeToScriptingClass (10ms)
	initialDomainReloadingComplete (28ms)
	LoadAllAssembliesAndSetupDomain (550ms)
		LoadAssemblies (398ms)
		RebuildTransferFunctionScriptingTraits (0ms)
		AnalyzeDomain (261ms)
			TypeCache.Refresh (9ms)
				TypeCache.ScanAssembly (1ms)
			BuildScriptInfoCaches (236ms)
			ResolveRequiredComponents (12ms)
	FinalizeReload (866ms)
		ReleaseScriptCaches (0ms)
		RebuildScriptCaches (0ms)
		SetupLoadedEditorAssemblies (668ms)
			LogAssemblyErrors (0ms)
			InitializePlatformSupportModulesInManaged (13ms)
			SetLoadedEditorAssemblies (5ms)
			BeforeProcessingInitializeOnLoad (97ms)
			ProcessInitializeOnLoadAttributes (468ms)
			ProcessInitializeOnLoadMethodAttributes (71ms)
			AfterProcessingInitializeOnLoad (13ms)
			EditorAssembliesLoaded (0ms)
		ExecutionOrderSort2 (0ms)
		AwakeInstancesAfterBackupRestoration (10ms)
Refreshing native plugins compatible for Editor in 3.72 ms, found 4 plugins.
Preloading 0 native plugins for Editor in 0.00 ms.
Unloading 13 Unused Serialized files (Serialized files now loaded: 0)
Unloading 6595 unused Assets / (4.6 MB). Loaded Objects now: 7343.
Memory consumption went from 153.0 MB to 148.4 MB.
Total: 12.121600 ms (FindLiveObjects: 1.277300 ms CreateObjectMapping: 0.632100 ms MarkObjects: 7.008300 ms  DeleteObjects: 3.203000 ms)

Prepare: number of updated asset objects reloaded= 0
========================================================================
Received Prepare
Refreshing native plugins compatible for Editor in 3.67 ms, found 4 plugins.
Preloading 0 native plugins for Editor in 0.00 ms.
Unloading 13 Unused Serialized files (Serialized files now loaded: 0)
Unloading 6584 unused Assets / (4.7 MB). Loaded Objects now: 7343.
Memory consumption went from 153.2 MB to 148.5 MB.
Total: 12.919200 ms (FindLiveObjects: 1.180500 ms CreateObjectMapping: 0.832300 ms MarkObjects: 7.453000 ms  DeleteObjects: 3.452400 ms)

Prepare: number of updated asset objects reloaded= 0
========================================================================
Received Prepare
Begin MonoManager ReloadAssembly
- Loaded All Assemblies, in  0.804 seconds
Refreshing native plugins compatible for Editor in 2.38 ms, found 4 plugins.
Native extension for Android target not found
Native extension for UWP target not found
Native extension for WindowsStandalone target not found
Native extension for WebGL target not found
Mono: successfully reloaded assembly
- Finished resetting the current domain, in  0.865 seconds
Domain Reload Profiling: 1664ms
	BeginReloadAssembly (222ms)
		ExecutionOrderSort (0ms)
		DisableScriptedObjects (13ms)
		BackupInstance (0ms)
		ReleaseScriptingObjects (0ms)
		CreateAndSetChildDomain (44ms)
	RebuildCommonClasses (41ms)
	RebuildNativeTypeToScriptingClass (17ms)
	initialDomainReloadingComplete (35ms)
	LoadAllAssembliesAndSetupDomain (485ms)
		LoadAssemblies (400ms)
		RebuildTransferFunctionScriptingTraits (0ms)
		AnalyzeDomain (204ms)
			TypeCache.Refresh (8ms)
				TypeCache.ScanAssembly (1ms)
			BuildScriptInfoCaches (184ms)
			ResolveRequiredComponents (9ms)
	FinalizeReload (865ms)
		ReleaseScriptCaches (0ms)
		RebuildScriptCaches (0ms)
		SetupLoadedEditorAssemblies (645ms)
			LogAssemblyErrors (0ms)
			InitializePlatformSupportModulesInManaged (11ms)
			SetLoadedEditorAssemblies (5ms)
			BeforeProcessingInitializeOnLoad (98ms)
			ProcessInitializeOnLoadAttributes (451ms)
			ProcessInitializeOnLoadMethodAttributes (67ms)
			AfterProcessingInitializeOnLoad (12ms)
			EditorAssembliesLoaded (0ms)
		ExecutionOrderSort2 (0ms)
		AwakeInstancesAfterBackupRestoration (17ms)
Refreshing native plugins compatible for Editor in 3.55 ms, found 4 plugins.
Preloading 0 native plugins for Editor in 0.00 ms.
Unloading 13 Unused Serialized files (Serialized files now loaded: 0)
Unloading 6595 unused Assets / (4.7 MB). Loaded Objects now: 7345.
Memory consumption went from 153.0 MB to 148.4 MB.
Total: 12.397900 ms (FindLiveObjects: 1.176400 ms CreateObjectMapping: 0.565700 ms MarkObjects: 7.143900 ms  DeleteObjects: 3.508000 ms)

Prepare: number of updated asset objects reloaded= 0
========================================================================
Received Prepare
Refreshing native plugins compatible for Editor in 3.66 ms, found 4 plugins.
Preloading 0 native plugins for Editor in 0.00 ms.
Unloading 13 Unused Serialized files (Serialized files now loaded: 0)
Unloading 6584 unused Assets / (5.1 MB). Loaded Objects now: 7345.
Memory consumption went from 153.2 MB to 148.0 MB.
Total: 12.836400 ms (FindLiveObjects: 1.120200 ms CreateObjectMapping: 0.589100 ms MarkObjects: 6.915100 ms  DeleteObjects: 4.210100 ms)

Prepare: number of updated asset objects reloaded= 0
========================================================================
Received Prepare
Refreshing native plugins compatible for Editor in 3.89 ms, found 4 plugins.
Preloading 0 native plugins for Editor in 0.00 ms.
Unloading 13 Unused Serialized files (Serialized files now loaded: 0)
Unloading 6584 unused Assets / (4.7 MB). Loaded Objects now: 7345.
Memory consumption went from 153.2 MB to 148.5 MB.
Total: 12.827900 ms (FindLiveObjects: 1.318500 ms CreateObjectMapping: 0.864700 ms MarkObjects: 7.325600 ms  DeleteObjects: 3.318000 ms)

Prepare: number of updated asset objects reloaded= 0
========================================================================
Received Prepare
Begin MonoManager ReloadAssembly
- Loaded All Assemblies, in  0.651 seconds
Refreshing native plugins compatible for Editor in 2.36 ms, found 4 plugins.
Native extension for Android target not found
Native extension for UWP target not found
Native extension for WindowsStandalone target not found
Native extension for WebGL target not found
Mono: successfully reloaded assembly
- Finished resetting the current domain, in  0.623 seconds
Domain Reload Profiling: 1272ms
	BeginReloadAssembly (176ms)
		ExecutionOrderSort (0ms)
		DisableScriptedObjects (12ms)
		BackupInstance (0ms)
		ReleaseScriptingObjects (0ms)
		CreateAndSetChildDomain (40ms)
	RebuildCommonClasses (29ms)
	RebuildNativeTypeToScriptingClass (10ms)
	initialDomainReloadingComplete (25ms)
	LoadAllAssembliesAndSetupDomain (408ms)
		LoadAssemblies (323ms)
		RebuildTransferFunctionScriptingTraits (0ms)
		AnalyzeDomain (170ms)
			TypeCache.Refresh (8ms)
				TypeCache.ScanAssembly (1ms)
			BuildScriptInfoCaches (149ms)
			ResolveRequiredComponents (9ms)
	FinalizeReload (623ms)
		ReleaseScriptCaches (0ms)
		RebuildScriptCaches (0ms)
		SetupLoadedEditorAssemblies (456ms)
			LogAssemblyErrors (0ms)
			InitializePlatformSupportModulesInManaged (11ms)
			SetLoadedEditorAssemblies (4ms)
			BeforeProcessingInitializeOnLoad (66ms)
			ProcessInitializeOnLoadAttributes (316ms)
			ProcessInitializeOnLoadMethodAttributes (50ms)
			AfterProcessingInitializeOnLoad (8ms)
			EditorAssembliesLoaded (0ms)
		ExecutionOrderSort2 (0ms)
		AwakeInstancesAfterBackupRestoration (9ms)
Refreshing native plugins compatible for Editor in 3.86 ms, found 4 plugins.
Preloading 0 native plugins for Editor in 0.00 ms.
Unloading 13 Unused Serialized files (Serialized files now loaded: 0)
Unloading 6595 unused Assets / (4.7 MB). Loaded Objects now: 7347.
Memory consumption went from 153.0 MB to 148.4 MB.
Total: 12.735400 ms (FindLiveObjects: 1.319000 ms CreateObjectMapping: 0.713400 ms MarkObjects: 7.463300 ms  DeleteObjects: 3.238500 ms)

Prepare: number of updated asset objects reloaded= 0
========================================================================
Received Import Request.
  Time since last request: 81.458110 seconds.
  path: Assets/AmiSF/Scripts/minigames/classy hat/classyHat.prefab
  artifactKey: Guid(f2a88de70d6ae4741bee1f630335a408) Importer(815301076,1909f56bfc062723c751e8b465ee728b)
Start importing Assets/AmiSF/Scripts/minigames/classy hat/classyHat.prefab using Guid(f2a88de70d6ae4741bee1f630335a408) Importer(815301076,1909f56bfc062723c751e8b465ee728b) (PreviewImporter) -> (artifact id: 'd804ba4d2a1f6f67fa8403099b6058fc') in 0.4043085 seconds
Number of updated asset objects reloaded before import = 0Number of asset objects unloaded after import = 10

========================================================================
Received Import Request.
  Time since last request: 3.444212 seconds.
  path: Assets/AmiSF/Scripts/minigames/classy hat/classyHat.cs
  artifactKey: Guid(b11408fbd38f225479513526388d6094) Importer(815301076,1909f56bfc062723c751e8b465ee728b)
Start importing Assets/AmiSF/Scripts/minigames/classy hat/classyHat.cs using Guid(b11408fbd38f225479513526388d6094) Importer(815301076,1909f56bfc062723c751e8b465ee728b) (PreviewImporter) -> (artifact id: '127ecbaf484cd5e023acc52d57d3d5be') in 0.0005679 seconds
Number of updated asset objects reloaded before import = 0Number of asset objects unloaded after import = 0

========================================================================
Received Prepare
Refreshing native plugins compatible for Editor in 3.73 ms, found 4 plugins.
Preloading 0 native plugins for Editor in 0.00 ms.
Unloading 13 Unused Serialized files (Serialized files now loaded: 0)
Unloading 6584 unused Assets / (5.5 MB). Loaded Objects now: 7471.
Memory consumption went from 158.7 MB to 153.2 MB.
Total: 21.821200 ms (FindLiveObjects: 1.307800 ms CreateObjectMapping: 0.663400 ms MarkObjects: 11.004100 ms  DeleteObjects: 8.843500 ms)

Prepare: number of updated asset objects reloaded= 0
========================================================================
Received Prepare
Begin MonoManager ReloadAssembly
- Loaded All Assemblies, in  0.875 seconds
Refreshing native plugins compatible for Editor in 3.77 ms, found 4 plugins.
Native extension for Android target not found
Native extension for UWP target not found
Native extension for WindowsStandalone target not found
Native extension for WebGL target not found
Mono: successfully reloaded assembly
- Finished resetting the current domain, in  0.903 seconds
Domain Reload Profiling: 1772ms
	BeginReloadAssembly (250ms)
		ExecutionOrderSort (0ms)
		DisableScriptedObjects (24ms)
		BackupInstance (0ms)
		ReleaseScriptingObjects (0ms)
		CreateAndSetChildDomain (65ms)
	RebuildCommonClasses (47ms)
	RebuildNativeTypeToScriptingClass (17ms)
	initialDomainReloadingComplete (33ms)
	LoadAllAssembliesAndSetupDomain (521ms)
		LoadAssemblies (398ms)
		RebuildTransferFunctionScriptingTraits (0ms)
		AnalyzeDomain (236ms)
			TypeCache.Refresh (11ms)
				TypeCache.ScanAssembly (1ms)
			BuildScriptInfoCaches (213ms)
			ResolveRequiredComponents (9ms)
	FinalizeReload (903ms)
		ReleaseScriptCaches (0ms)
		RebuildScriptCaches (0ms)
		SetupLoadedEditorAssemblies (675ms)
			LogAssemblyErrors (0ms)
			InitializePlatformSupportModulesInManaged (12ms)
			SetLoadedEditorAssemblies (6ms)
			BeforeProcessingInitializeOnLoad (97ms)
			ProcessInitializeOnLoadAttributes (480ms)
			ProcessInitializeOnLoadMethodAttributes (66ms)
			AfterProcessingInitializeOnLoad (13ms)
			EditorAssembliesLoaded (0ms)
		ExecutionOrderSort2 (0ms)
		AwakeInstancesAfterBackupRestoration (14ms)
Refreshing native plugins compatible for Editor in 3.68 ms, found 4 plugins.
Preloading 0 native plugins for Editor in 0.00 ms.
Unloading 13 Unused Serialized files (Serialized files now loaded: 0)
Unloading 6595 unused Assets / (4.8 MB). Loaded Objects now: 7371.
Memory consumption went from 154.8 MB to 149.9 MB.
Total: 13.564700 ms (FindLiveObjects: 1.232800 ms CreateObjectMapping: 0.622400 ms MarkObjects: 7.830300 ms  DeleteObjects: 3.877500 ms)

Prepare: number of updated asset objects reloaded= 0
========================================================================
Received Prepare
Refreshing native plugins compatible for Editor in 4.33 ms, found 4 plugins.
Preloading 0 native plugins for Editor in 0.00 ms.
Unloading 13 Unused Serialized files (Serialized files now loaded: 0)
Unloading 6584 unused Assets / (4.7 MB). Loaded Objects now: 7371.
Memory consumption went from 154.7 MB to 150.0 MB.
Total: 31.401900 ms (FindLiveObjects: 15.215500 ms CreateObjectMapping: 3.827700 ms MarkObjects: 8.730100 ms  DeleteObjects: 3.626500 ms)

Prepare: number of updated asset objects reloaded= 0
========================================================================
Received Import Request.
  Time since last request: 33.364860 seconds.
  path: Assets/AmiSF/Scripts/minigames/classy hat/classyHat.cs
  artifactKey: Guid(b11408fbd38f225479513526388d6094) Importer(815301076,1909f56bfc062723c751e8b465ee728b)
Start importing Assets/AmiSF/Scripts/minigames/classy hat/classyHat.cs using Guid(b11408fbd38f225479513526388d6094) Importer(815301076,1909f56bfc062723c751e8b465ee728b) (PreviewImporter) -> (artifact id: 'c7d735ba11a4d691c4f6bf9ba91367b5') in 0.0314474 seconds
Number of updated asset objects reloaded before import = 0Number of asset objects unloaded after import = 0

========================================================================
Received Prepare
Begin MonoManager ReloadAssembly
- Loaded All Assemblies, in  0.856 seconds
Refreshing native plugins compatible for Editor in 3.49 ms, found 4 plugins.
Native extension for Android target not found
Native extension for UWP target not found
Native extension for WindowsStandalone target not found
Native extension for WebGL target not found
Mono: successfully reloaded assembly
- Finished resetting the current domain, in  0.858 seconds
Domain Reload Profiling: 1707ms
	BeginReloadAssembly (210ms)
		ExecutionOrderSort (0ms)
		DisableScriptedObjects (18ms)
		BackupInstance (0ms)
		ReleaseScriptingObjects (0ms)
		CreateAndSetChildDomain (52ms)
	RebuildCommonClasses (32ms)
	RebuildNativeTypeToScriptingClass (11ms)
	initialDomainReloadingComplete (35ms)
	LoadAllAssembliesAndSetupDomain (561ms)
		LoadAssemblies (381ms)
		RebuildTransferFunctionScriptingTraits (0ms)
		AnalyzeDomain (273ms)
			TypeCache.Refresh (10ms)
				TypeCache.ScanAssembly (1ms)
			BuildScriptInfoCaches (245ms)
			ResolveRequiredComponents (13ms)
	FinalizeReload (858ms)
		ReleaseScriptCaches (0ms)
		RebuildScriptCaches (0ms)
		SetupLoadedEditorAssemblies (621ms)
			LogAssemblyErrors (0ms)
			InitializePlatformSupportModulesInManaged (16ms)
			SetLoadedEditorAssemblies (5ms)
			BeforeProcessingInitializeOnLoad (99ms)
			ProcessInitializeOnLoadAttributes (419ms)
			ProcessInitializeOnLoadMethodAttributes (69ms)
			AfterProcessingInitializeOnLoad (13ms)
			EditorAssembliesLoaded (0ms)
		ExecutionOrderSort2 (0ms)
		AwakeInstancesAfterBackupRestoration (10ms)
Refreshing native plugins compatible for Editor in 3.67 ms, found 4 plugins.
Preloading 0 native plugins for Editor in 0.00 ms.
Unloading 13 Unused Serialized files (Serialized files now loaded: 0)
Unloading 6595 unused Assets / (4.6 MB). Loaded Objects now: 7373.
Memory consumption went from 154.6 MB to 150.0 MB.
Total: 12.204500 ms (FindLiveObjects: 1.223300 ms CreateObjectMapping: 0.630900 ms MarkObjects: 7.176600 ms  DeleteObjects: 3.172700 ms)

Prepare: number of updated asset objects reloaded= 0
========================================================================
Received Prepare
Refreshing native plugins compatible for Editor in 3.79 ms, found 4 plugins.
Preloading 0 native plugins for Editor in 0.00 ms.
Unloading 13 Unused Serialized files (Serialized files now loaded: 0)
Unloading 6584 unused Assets / (4.6 MB). Loaded Objects now: 7373.
Memory consumption went from 154.8 MB to 150.2 MB.
Total: 15.075700 ms (FindLiveObjects: 1.180400 ms CreateObjectMapping: 0.581500 ms MarkObjects: 9.541100 ms  DeleteObjects: 3.770600 ms)

Prepare: number of updated asset objects reloaded= 0
========================================================================
Received Prepare
Begin MonoManager ReloadAssembly
- Loaded All Assemblies, in  0.883 seconds
Refreshing native plugins compatible for Editor in 4.10 ms, found 4 plugins.
Native extension for Android target not found
Native extension for UWP target not found
Native extension for WindowsStandalone target not found
Native extension for WebGL target not found
Mono: successfully reloaded assembly
- Finished resetting the current domain, in  1.002 seconds
Domain Reload Profiling: 1880ms
	BeginReloadAssembly (230ms)
		ExecutionOrderSort (0ms)
		DisableScriptedObjects (17ms)
		BackupInstance (0ms)
		ReleaseScriptingObjects (0ms)
		CreateAndSetChildDomain (48ms)
	RebuildCommonClasses (40ms)
	RebuildNativeTypeToScriptingClass (10ms)
	initialDomainReloadingComplete (28ms)
	LoadAllAssembliesAndSetupDomain (569ms)
		LoadAssemblies (418ms)
		RebuildTransferFunctionScriptingTraits (0ms)
		AnalyzeDomain (265ms)
			TypeCache.Refresh (12ms)
				TypeCache.ScanAssembly (1ms)
			BuildScriptInfoCaches (236ms)
			ResolveRequiredComponents (13ms)
	FinalizeReload (1003ms)
		ReleaseScriptCaches (0ms)
		RebuildScriptCaches (0ms)
		SetupLoadedEditorAssemblies (795ms)
			LogAssemblyErrors (0ms)
			InitializePlatformSupportModulesInManaged (12ms)
			SetLoadedEditorAssemblies (6ms)
			BeforeProcessingInitializeOnLoad (100ms)
			ProcessInitializeOnLoadAttributes (591ms)
			ProcessInitializeOnLoadMethodAttributes (73ms)
			AfterProcessingInitializeOnLoad (12ms)
			EditorAssembliesLoaded (0ms)
		ExecutionOrderSort2 (0ms)
		AwakeInstancesAfterBackupRestoration (11ms)
Refreshing native plugins compatible for Editor in 3.18 ms, found 4 plugins.
Preloading 0 native plugins for Editor in 0.00 ms.
Unloading 13 Unused Serialized files (Serialized files now loaded: 0)
Unloading 6595 unused Assets / (4.6 MB). Loaded Objects now: 7375.
Memory consumption went from 154.6 MB to 150.0 MB.
Total: 9.431300 ms (FindLiveObjects: 0.701400 ms CreateObjectMapping: 0.351900 ms MarkObjects: 5.943700 ms  DeleteObjects: 2.433300 ms)

Prepare: number of updated asset objects reloaded= 0
========================================================================
Received Import Request.
  Time since last request: 128.964763 seconds.
  path: Assets/AmiSF/Scripts/minigames/bring alcohol/alcohol.png
  artifactKey: Guid(49486eed17361104fb38eca173d8c925) Importer(815301076,1909f56bfc062723c751e8b465ee728b)
Start importing Assets/AmiSF/Scripts/minigames/bring alcohol/alcohol.png using Guid(49486eed17361104fb38eca173d8c925) Importer(815301076,1909f56bfc062723c751e8b465ee728b) (PreviewImporter) -> (artifact id: '69f323c88040562c85bd52f96b757d4b') in 0.0769556 seconds
Number of updated asset objects reloaded before import = 0Number of asset objects unloaded after import = 3

========================================================================
Received Import Request.
  Time since last request: 65.907599 seconds.
  path: Assets/AmiSF/Scripts/minigames/bring alcohol/kitten.png
  artifactKey: Guid(eace29fc9a3f1bf4fb7b423d2d27ede7) Importer(815301076,1909f56bfc062723c751e8b465ee728b)
Start importing Assets/AmiSF/Scripts/minigames/bring alcohol/kitten.png using Guid(eace29fc9a3f1bf4fb7b423d2d27ede7) Importer(815301076,1909f56bfc062723c751e8b465ee728b) (PreviewImporter) -> (artifact id: '42b05f9f18bdbfbea803f03ea467d4f5') in 0.0188091 seconds
Number of updated asset objects reloaded before import = 0Number of asset objects unloaded after import = 4

========================================================================
Received Import Request.
  Time since last request: 104.268637 seconds.
  path: Assets/AmiSF/Scripts/minigames/bring alcohol/alcohol.png
  artifactKey: Guid(49486eed17361104fb38eca173d8c925) Importer(815301076,1909f56bfc062723c751e8b465ee728b)
Start importing Assets/AmiSF/Scripts/minigames/bring alcohol/alcohol.png using Guid(49486eed17361104fb38eca173d8c925) Importer(815301076,1909f56bfc062723c751e8b465ee728b) (PreviewImporter) -> (artifact id: '9ed35ae46523727b34c83f8460a1df41') in 0.013329 seconds
Number of updated asset objects reloaded before import = 0Number of asset objects unloaded after import = 3

========================================================================
Received Import Request.
  Time since last request: 8.041815 seconds.
  path: Assets/AmiSF/Scripts/minigames/bring alcohol/alcohol.png
  artifactKey: Guid(49486eed17361104fb38eca173d8c925) Importer(815301076,1909f56bfc062723c751e8b465ee728b)
Start importing Assets/AmiSF/Scripts/minigames/bring alcohol/alcohol.png using Guid(49486eed17361104fb38eca173d8c925) Importer(815301076,1909f56bfc062723c751e8b465ee728b) (PreviewImporter) -> (artifact id: '05c20135508d79a7fa47893c90293eed') in 0.0129792 seconds
Number of updated asset objects reloaded before import = 0Number of asset objects unloaded after import = 3

========================================================================
Received Import Request.
  Time since last request: 9.105546 seconds.
  path: Assets/AmiSF/Scripts/minigames/bring alcohol/alcohol.png
  artifactKey: Guid(49486eed17361104fb38eca173d8c925) Importer(815301076,1909f56bfc062723c751e8b465ee728b)
Start importing Assets/AmiSF/Scripts/minigames/bring alcohol/alcohol.png using Guid(49486eed17361104fb38eca173d8c925) Importer(815301076,1909f56bfc062723c751e8b465ee728b) (PreviewImporter) -> (artifact id: 'bc45d1758bc9f84eeebd375778361154') in 0.0150349 seconds
Number of updated asset objects reloaded before import = 0Number of asset objects unloaded after import = 3

========================================================================
Received Import Request.
  Time since last request: 38.560138 seconds.
  path: Assets/AmiSF/Prefabs/GAME_MGR.prefab
  artifactKey: Guid(44aeb5e1d45d12248a2235ce8e36213b) Importer(815301076,1909f56bfc062723c751e8b465ee728b)
Start importing Assets/AmiSF/Prefabs/GAME_MGR.prefab using Guid(44aeb5e1d45d12248a2235ce8e36213b) Importer(815301076,1909f56bfc062723c751e8b465ee728b) (PreviewImporter) -> (artifact id: '52cd80c51a32631807c9bf448497227c') in 0.4156869 seconds
Number of updated asset objects reloaded before import = 0Number of asset objects unloaded after import = 658

========================================================================
Received Import Request.
  Time since last request: 12.226002 seconds.
  path: Assets/AmiSF/Prefabs/GAME_MGR.prefab
  artifactKey: Guid(44aeb5e1d45d12248a2235ce8e36213b) Importer(815301076,1909f56bfc062723c751e8b465ee728b)
Start importing Assets/AmiSF/Prefabs/GAME_MGR.prefab using Guid(44aeb5e1d45d12248a2235ce8e36213b) Importer(815301076,1909f56bfc062723c751e8b465ee728b) (PreviewImporter) -> (artifact id: '4f99a40c84015a7421e9ca13c14c0c71') in 0.0796514 seconds
Number of updated asset objects reloaded before import = 0Number of asset objects unloaded after import = 658

========================================================================
Received Import Request.
  Time since last request: 0.000025 seconds.
  path: Assets/AmiSF/Prefabs/mini games/classy hat.prefab
  artifactKey: Guid(8ba5dcf06e0d69f49bda53b654ad7d5a) Importer(815301076,1909f56bfc062723c751e8b465ee728b)
Start importing Assets/AmiSF/Prefabs/mini games/classy hat.prefab using Guid(8ba5dcf06e0d69f49bda53b654ad7d5a) Importer(815301076,1909f56bfc062723c751e8b465ee728b) (PreviewImporter) -> (artifact id: 'a50cacbf0cbc1e5a925934c7751b8e94') in 0.018616 seconds
Number of updated asset objects reloaded before import = 0Number of asset objects unloaded after import = 76

========================================================================
Received Import Request.
  Time since last request: 17.535629 seconds.
  path: Assets/AmiSF/Prefabs/GAME_MGR.prefab
  artifactKey: Guid(44aeb5e1d45d12248a2235ce8e36213b) Importer(815301076,1909f56bfc062723c751e8b465ee728b)
Start importing Assets/AmiSF/Prefabs/GAME_MGR.prefab using Guid(44aeb5e1d45d12248a2235ce8e36213b) Importer(815301076,1909f56bfc062723c751e8b465ee728b) (PreviewImporter) -> (artifact id: '35dd28bd6a379acb7422d20e4232bb90') in 0.0719739 seconds
Number of updated asset objects reloaded before import = 0Number of asset objects unloaded after import = 687

========================================================================
Received Import Request.
  Time since last request: 2.354275 seconds.
  path: Assets/AmiSF/Prefabs/GAME_MGR.prefab
  artifactKey: Guid(44aeb5e1d45d12248a2235ce8e36213b) Importer(815301076,1909f56bfc062723c751e8b465ee728b)
Start importing Assets/AmiSF/Prefabs/GAME_MGR.prefab using Guid(44aeb5e1d45d12248a2235ce8e36213b) Importer(815301076,1909f56bfc062723c751e8b465ee728b) (PreviewImporter) -> (artifact id: '96a40bf9f4a1b55259d8478432338187') in 0.0744136 seconds
Number of updated asset objects reloaded before import = 0Number of asset objects unloaded after import = 687

========================================================================
Received Import Request.
  Time since last request: 1.295619 seconds.
  path: Assets/AmiSF/Prefabs/GAME_MGR.prefab
  artifactKey: Guid(44aeb5e1d45d12248a2235ce8e36213b) Importer(815301076,1909f56bfc062723c751e8b465ee728b)
Start importing Assets/AmiSF/Prefabs/GAME_MGR.prefab using Guid(44aeb5e1d45d12248a2235ce8e36213b) Importer(815301076,1909f56bfc062723c751e8b465ee728b) (PreviewImporter) -> (artifact id: 'aaff77e971c0574a2f9eb4dd75a9e097') in 0.0349258 seconds
Number of updated asset objects reloaded before import = 0Number of asset objects unloaded after import = 242

========================================================================
Received Prepare
Begin MonoManager ReloadAssembly
- Loaded All Assemblies, in  0.684 seconds
Refreshing native plugins compatible for Editor in 2.83 ms, found 4 plugins.
Native extension for Android target not found
Native extension for UWP target not found
Native extension for WindowsStandalone target not found
Native extension for WebGL target not found
Mono: successfully reloaded assembly
- Finished resetting the current domain, in  0.777 seconds
Domain Reload Profiling: 1459ms
	BeginReloadAssembly (210ms)
		ExecutionOrderSort (0ms)
		DisableScriptedObjects (25ms)
		BackupInstance (0ms)
		ReleaseScriptingObjects (0ms)
		CreateAndSetChildDomain (54ms)
	RebuildCommonClasses (34ms)
	RebuildNativeTypeToScriptingClass (11ms)
	initialDomainReloadingComplete (27ms)
	LoadAllAssembliesAndSetupDomain (399ms)
		LoadAssemblies (318ms)
		RebuildTransferFunctionScriptingTraits (0ms)
		AnalyzeDomain (172ms)
			TypeCache.Refresh (5ms)
				TypeCache.ScanAssembly (0ms)
			BuildScriptInfoCaches (154ms)
			ResolveRequiredComponents (9ms)
	FinalizeReload (778ms)
		ReleaseScriptCaches (0ms)
		RebuildScriptCaches (0ms)
		SetupLoadedEditorAssemblies (580ms)
			LogAssemblyErrors (0ms)
			InitializePlatformSupportModulesInManaged (12ms)
			SetLoadedEditorAssemblies (5ms)
			BeforeProcessingInitializeOnLoad (70ms)
			ProcessInitializeOnLoadAttributes (432ms)
			ProcessInitializeOnLoadMethodAttributes (52ms)
			AfterProcessingInitializeOnLoad (8ms)
			EditorAssembliesLoaded (0ms)
		ExecutionOrderSort2 (0ms)
		AwakeInstancesAfterBackupRestoration (11ms)
Refreshing native plugins compatible for Editor in 3.25 ms, found 4 plugins.
Preloading 0 native plugins for Editor in 0.00 ms.
Unloading 13 Unused Serialized files (Serialized files now loaded: 0)
Unloading 6595 unused Assets / (4.7 MB). Loaded Objects now: 7406.
Memory consumption went from 156.3 MB to 151.7 MB.
Total: 7.908100 ms (FindLiveObjects: 0.760000 ms CreateObjectMapping: 0.366500 ms MarkObjects: 4.627900 ms  DeleteObjects: 2.152800 ms)

Prepare: number of updated asset objects reloaded= 0
========================================================================
Received Import Request.
  Time since last request: 53.735525 seconds.
  path: Assets/AmiSF/Prefabs/mini games/bring alcohol.prefab
  artifactKey: Guid(086003f7a4ce9304e8f46adf3ea3b65e) Importer(815301076,1909f56bfc062723c751e8b465ee728b)
Start importing Assets/AmiSF/Prefabs/mini games/bring alcohol.prefab using Guid(086003f7a4ce9304e8f46adf3ea3b65e) Importer(815301076,1909f56bfc062723c751e8b465ee728b) (PreviewImporter) -> (artifact id: '8da7fc077d6b0e99c4fbff91f90b5618') in 0.3662972 seconds
Number of updated asset objects reloaded before import = 0Number of asset objects unloaded after import = 32

========================================================================
Received Import Request.
  Time since last request: 23.215725 seconds.
  path: Assets/AmiSF/Prefabs/mini games/bring alcohol.prefab
  artifactKey: Guid(086003f7a4ce9304e8f46adf3ea3b65e) Importer(815301076,1909f56bfc062723c751e8b465ee728b)
Start importing Assets/AmiSF/Prefabs/mini games/bring alcohol.prefab using Guid(086003f7a4ce9304e8f46adf3ea3b65e) Importer(815301076,1909f56bfc062723c751e8b465ee728b) (PreviewImporter) -> (artifact id: 'f2e314d0237303c75b3e5a36a480839e') in 0.0150075 seconds
Number of updated asset objects reloaded before import = 0Number of asset objects unloaded after import = 32

========================================================================
Received Import Request.
  Time since last request: 15.026281 seconds.
  path: Assets/AmiSF/Prefabs/mini games/bring alcohol.prefab
  artifactKey: Guid(086003f7a4ce9304e8f46adf3ea3b65e) Importer(815301076,1909f56bfc062723c751e8b465ee728b)
Start importing Assets/AmiSF/Prefabs/mini games/bring alcohol.prefab using Guid(086003f7a4ce9304e8f46adf3ea3b65e) Importer(815301076,1909f56bfc062723c751e8b465ee728b) (PreviewImporter) -> (artifact id: '0427423081bc19081c8a71a2c07bc333') in 0.0152449 seconds
Number of updated asset objects reloaded before import = 0Number of asset objects unloaded after import = 32

========================================================================
Received Prepare
Refreshing native plugins compatible for Editor in 3.67 ms, found 4 plugins.
Preloading 0 native plugins for Editor in 0.00 ms.
Unloading 13 Unused Serialized files (Serialized files now loaded: 0)
Unloading 6585 unused Assets / (4.8 MB). Loaded Objects now: 7530.
Memory consumption went from 161.9 MB to 157.1 MB.
Total: 16.599200 ms (FindLiveObjects: 1.352000 ms CreateObjectMapping: 0.778900 ms MarkObjects: 10.521800 ms  DeleteObjects: 3.944900 ms)

Prepare: number of updated asset objects reloaded= 0
========================================================================
Received Prepare
Refreshing native plugins compatible for Editor in 3.68 ms, found 4 plugins.
Preloading 0 native plugins for Editor in 0.00 ms.
Unloading 13 Unused Serialized files (Serialized files now loaded: 0)
Unloading 6584 unused Assets / (4.6 MB). Loaded Objects now: 7530.
Memory consumption went from 161.9 MB to 157.3 MB.
Total: 15.652700 ms (FindLiveObjects: 1.334800 ms CreateObjectMapping: 0.773700 ms MarkObjects: 10.189600 ms  DeleteObjects: 3.352400 ms)

Prepare: number of updated asset objects reloaded= 0
========================================================================
Received Prepare
Begin MonoManager ReloadAssembly
- Loaded All Assemblies, in  0.865 seconds
Refreshing native plugins compatible for Editor in 2.92 ms, found 4 plugins.
Native extension for Android target not found
Native extension for UWP target not found
Native extension for WindowsStandalone target not found
Native extension for WebGL target not found
Mono: successfully reloaded assembly
- Finished resetting the current domain, in  0.922 seconds
Domain Reload Profiling: 1781ms
	BeginReloadAssembly (237ms)
		ExecutionOrderSort (0ms)
		DisableScriptedObjects (23ms)
		BackupInstance (0ms)
		ReleaseScriptingObjects (0ms)
		CreateAndSetChildDomain (53ms)
	RebuildCommonClasses (37ms)
	RebuildNativeTypeToScriptingClass (17ms)
	initialDomainReloadingComplete (39ms)
	LoadAllAssembliesAndSetupDomain (529ms)
		LoadAssemblies (384ms)
		RebuildTransferFunctionScriptingTraits (0ms)
		AnalyzeDomain (259ms)
			TypeCache.Refresh (8ms)
				TypeCache.ScanAssembly (1ms)
			BuildScriptInfoCaches (236ms)
			ResolveRequiredComponents (12ms)
	FinalizeReload (923ms)
		ReleaseScriptCaches (0ms)
		RebuildScriptCaches (0ms)
		SetupLoadedEditorAssemblies (738ms)
			LogAssemblyErrors (0ms)
			InitializePlatformSupportModulesInManaged (12ms)
			SetLoadedEditorAssemblies (5ms)
			BeforeProcessingInitializeOnLoad (101ms)
			ProcessInitializeOnLoadAttributes (552ms)
			ProcessInitializeOnLoadMethodAttributes (60ms)
			AfterProcessingInitializeOnLoad (9ms)
			EditorAssembliesLoaded (0ms)
		ExecutionOrderSort2 (0ms)
		AwakeInstancesAfterBackupRestoration (15ms)
Refreshing native plugins compatible for Editor in 3.58 ms, found 4 plugins.
Preloading 0 native plugins for Editor in 0.00 ms.
Unloading 13 Unused Serialized files (Serialized files now loaded: 0)
Unloading 6595 unused Assets / (4.5 MB). Loaded Objects now: 7430.
Memory consumption went from 157.9 MB to 153.4 MB.
Total: 8.566800 ms (FindLiveObjects: 1.148600 ms CreateObjectMapping: 0.469700 ms MarkObjects: 4.575700 ms  DeleteObjects: 2.372100 ms)

Prepare: number of updated asset objects reloaded= 0
========================================================================
Received Prepare
Begin MonoManager ReloadAssembly
- Loaded All Assemblies, in  0.633 seconds
Refreshing native plugins compatible for Editor in 2.24 ms, found 4 plugins.
Native extension for Android target not found
Native extension for UWP target not found
Native extension for WindowsStandalone target not found
Native extension for WebGL target not found
Mono: successfully reloaded assembly
- Finished resetting the current domain, in  0.723 seconds
Domain Reload Profiling: 1354ms
	BeginReloadAssembly (183ms)
		ExecutionOrderSort (0ms)
		DisableScriptedObjects (13ms)
		BackupInstance (0ms)
		ReleaseScriptingObjects (0ms)
		CreateAndSetChildDomain (42ms)
	RebuildCommonClasses (29ms)
	RebuildNativeTypeToScriptingClass (10ms)
	initialDomainReloadingComplete (25ms)
	LoadAllAssembliesAndSetupDomain (383ms)
		LoadAssemblies (297ms)
		RebuildTransferFunctionScriptingTraits (0ms)
		AnalyzeDomain (167ms)
			TypeCache.Refresh (5ms)
				TypeCache.ScanAssembly (0ms)
			BuildScriptInfoCaches (149ms)
			ResolveRequiredComponents (10ms)
	FinalizeReload (724ms)
		ReleaseScriptCaches (0ms)
		RebuildScriptCaches (0ms)
		SetupLoadedEditorAssemblies (549ms)
			LogAssemblyErrors (0ms)
			InitializePlatformSupportModulesInManaged (11ms)
			SetLoadedEditorAssemblies (4ms)
			BeforeProcessingInitializeOnLoad (67ms)
			ProcessInitializeOnLoadAttributes (404ms)
			ProcessInitializeOnLoadMethodAttributes (54ms)
			AfterProcessingInitializeOnLoad (9ms)
			EditorAssembliesLoaded (0ms)
		ExecutionOrderSort2 (0ms)
		AwakeInstancesAfterBackupRestoration (12ms)
Refreshing native plugins compatible for Editor in 3.53 ms, found 4 plugins.
Preloading 0 native plugins for Editor in 0.00 ms.
Unloading 13 Unused Serialized files (Serialized files now loaded: 0)
Unloading 6595 unused Assets / (4.4 MB). Loaded Objects now: 7432.
Memory consumption went from 157.7 MB to 153.3 MB.
Total: 7.315500 ms (FindLiveObjects: 0.818300 ms CreateObjectMapping: 0.336100 ms MarkObjects: 4.274200 ms  DeleteObjects: 1.885600 ms)

Prepare: number of updated asset objects reloaded= 0
========================================================================
Received Prepare
Begin MonoManager ReloadAssembly
- Loaded All Assemblies, in  0.629 seconds
Refreshing native plugins compatible for Editor in 2.02 ms, found 4 plugins.
Native extension for Android target not found
Native extension for UWP target not found
Native extension for WindowsStandalone target not found
Native extension for WebGL target not found
Mono: successfully reloaded assembly
- Finished resetting the current domain, in  0.725 seconds
Domain Reload Profiling: 1352ms
	BeginReloadAssembly (177ms)
		ExecutionOrderSort (0ms)
		DisableScriptedObjects (13ms)
		BackupInstance (0ms)
		ReleaseScriptingObjects (0ms)
		CreateAndSetChildDomain (41ms)
	RebuildCommonClasses (29ms)
	RebuildNativeTypeToScriptingClass (10ms)
	initialDomainReloadingComplete (25ms)
	LoadAllAssembliesAndSetupDomain (385ms)
		LoadAssemblies (299ms)
		RebuildTransferFunctionScriptingTraits (0ms)
		AnalyzeDomain (168ms)
			TypeCache.Refresh (5ms)
				TypeCache.ScanAssembly (0ms)
			BuildScriptInfoCaches (151ms)
			ResolveRequiredComponents (9ms)
	FinalizeReload (726ms)
		ReleaseScriptCaches (0ms)
		RebuildScriptCaches (0ms)
		SetupLoadedEditorAssemblies (552ms)
			LogAssemblyErrors (0ms)
			InitializePlatformSupportModulesInManaged (12ms)
			SetLoadedEditorAssemblies (4ms)
			BeforeProcessingInitializeOnLoad (71ms)
			ProcessInitializeOnLoadAttributes (404ms)
			ProcessInitializeOnLoadMethodAttributes (53ms)
			AfterProcessingInitializeOnLoad (8ms)
			EditorAssembliesLoaded (0ms)
		ExecutionOrderSort2 (0ms)
		AwakeInstancesAfterBackupRestoration (11ms)
Refreshing native plugins compatible for Editor in 3.76 ms, found 4 plugins.
Preloading 0 native plugins for Editor in 0.00 ms.
Unloading 13 Unused Serialized files (Serialized files now loaded: 0)
Unloading 6595 unused Assets / (4.4 MB). Loaded Objects now: 7434.
Memory consumption went from 157.8 MB to 153.4 MB.
Total: 7.244300 ms (FindLiveObjects: 0.693000 ms CreateObjectMapping: 0.323500 ms MarkObjects: 4.292200 ms  DeleteObjects: 1.935000 ms)

Prepare: number of updated asset objects reloaded= 0
========================================================================
Received Import Request.
  Time since last request: 179.001119 seconds.
  path: Assets/AmiSF/Scripts/minigames/bring alcohol/kitten.png
  artifactKey: Guid(eace29fc9a3f1bf4fb7b423d2d27ede7) Importer(815301076,1909f56bfc062723c751e8b465ee728b)
Start importing Assets/AmiSF/Scripts/minigames/bring alcohol/kitten.png using Guid(eace29fc9a3f1bf4fb7b423d2d27ede7) Importer(815301076,1909f56bfc062723c751e8b465ee728b) (PreviewImporter) -> (artifact id: '7bee4910ebbc095225be240ed8adc9fc') in 0.0867877 seconds
Number of updated asset objects reloaded before import = 0Number of asset objects unloaded after import = 4

========================================================================
Received Import Request.
  Time since last request: 3.174991 seconds.
  path: Assets/AmiSF/Scripts/minigames/bring alcohol/kitten.png
  artifactKey: Guid(eace29fc9a3f1bf4fb7b423d2d27ede7) Importer(815301076,1909f56bfc062723c751e8b465ee728b)
Start importing Assets/AmiSF/Scripts/minigames/bring alcohol/kitten.png using Guid(eace29fc9a3f1bf4fb7b423d2d27ede7) Importer(815301076,1909f56bfc062723c751e8b465ee728b) (PreviewImporter) -> (artifact id: 'c1646b68da9bcdfa71e8fcee47c8f60b') in 0.0125161 seconds
Number of updated asset objects reloaded before import = 0Number of asset objects unloaded after import = 4

========================================================================
Received Prepare
Begin MonoManager ReloadAssembly
- Loaded All Assemblies, in  0.868 seconds
Refreshing native plugins compatible for Editor in 2.16 ms, found 4 plugins.
Native extension for Android target not found
Native extension for UWP target not found
Native extension for WindowsStandalone target not found
Native extension for WebGL target not found
Mono: successfully reloaded assembly
- Finished resetting the current domain, in  0.738 seconds
Domain Reload Profiling: 1599ms
	BeginReloadAssembly (243ms)
		ExecutionOrderSort (0ms)
		DisableScriptedObjects (13ms)
		BackupInstance (0ms)
		ReleaseScriptingObjects (0ms)
		CreateAndSetChildDomain (59ms)
	RebuildCommonClasses (40ms)
	RebuildNativeTypeToScriptingClass (17ms)
	initialDomainReloadingComplete (34ms)
	LoadAllAssembliesAndSetupDomain (526ms)
		LoadAssemblies (392ms)
		RebuildTransferFunctionScriptingTraits (0ms)
		AnalyzeDomain (254ms)
			TypeCache.Refresh (7ms)
				TypeCache.ScanAssembly (0ms)
			BuildScriptInfoCaches (236ms)
			ResolveRequiredComponents (9ms)
	FinalizeReload (738ms)
		ReleaseScriptCaches (0ms)
		RebuildScriptCaches (0ms)
		SetupLoadedEditorAssemblies (560ms)
			LogAssemblyErrors (0ms)
			InitializePlatformSupportModulesInManaged (11ms)
			SetLoadedEditorAssemblies (5ms)
			BeforeProcessingInitializeOnLoad (68ms)
			ProcessInitializeOnLoadAttributes (414ms)
			ProcessInitializeOnLoadMethodAttributes (54ms)
			AfterProcessingInitializeOnLoad (8ms)
			EditorAssembliesLoaded (0ms)
		ExecutionOrderSort2 (0ms)
		AwakeInstancesAfterBackupRestoration (11ms)
Refreshing native plugins compatible for Editor in 3.73 ms, found 4 plugins.
Preloading 0 native plugins for Editor in 0.00 ms.
Unloading 13 Unused Serialized files (Serialized files now loaded: 0)
Unloading 6595 unused Assets / (4.3 MB). Loaded Objects now: 7436.
Memory consumption went from 157.8 MB to 153.4 MB.
Total: 12.225700 ms (FindLiveObjects: 1.360800 ms CreateObjectMapping: 0.486700 ms MarkObjects: 7.422300 ms  DeleteObjects: 2.954200 ms)

Prepare: number of updated asset objects reloaded= 0
========================================================================
Received Prepare
Begin MonoManager ReloadAssembly
- Loaded All Assemblies, in  0.793 seconds
Refreshing native plugins compatible for Editor in 3.01 ms, found 4 plugins.
Native extension for Android target not found
Native extension for UWP target not found
Native extension for WindowsStandalone target not found
Native extension for WebGL target not found
Mono: successfully reloaded assembly
- Finished resetting the current domain, in  0.797 seconds
Domain Reload Profiling: 1588ms
	BeginReloadAssembly (231ms)
		ExecutionOrderSort (0ms)
		DisableScriptedObjects (13ms)
		BackupInstance (0ms)
		ReleaseScriptingObjects (0ms)
		CreateAndSetChildDomain (48ms)
	RebuildCommonClasses (45ms)
	RebuildNativeTypeToScriptingClass (17ms)
	initialDomainReloadingComplete (32ms)
	LoadAllAssembliesAndSetupDomain (465ms)
		LoadAssemblies (395ms)
		RebuildTransferFunctionScriptingTraits (0ms)
		AnalyzeDomain (188ms)
			TypeCache.Refresh (5ms)
				TypeCache.ScanAssembly (0ms)
			BuildScriptInfoCaches (165ms)
			ResolveRequiredComponents (13ms)
	FinalizeReload (798ms)
		ReleaseScriptCaches (0ms)
		RebuildScriptCaches (0ms)
		SetupLoadedEditorAssemblies (591ms)
			LogAssemblyErrors (0ms)
			InitializePlatformSupportModulesInManaged (14ms)
			SetLoadedEditorAssemblies (5ms)
			BeforeProcessingInitializeOnLoad (99ms)
			ProcessInitializeOnLoadAttributes (411ms)
			ProcessInitializeOnLoadMethodAttributes (53ms)
			AfterProcessingInitializeOnLoad (8ms)
			EditorAssembliesLoaded (0ms)
		ExecutionOrderSort2 (0ms)
		AwakeInstancesAfterBackupRestoration (10ms)
Refreshing native plugins compatible for Editor in 3.19 ms, found 4 plugins.
Preloading 0 native plugins for Editor in 0.00 ms.
Unloading 13 Unused Serialized files (Serialized files now loaded: 0)
Unloading 6595 unused Assets / (4.8 MB). Loaded Objects now: 7438.
Memory consumption went from 157.8 MB to 153.0 MB.
Total: 7.844100 ms (FindLiveObjects: 0.774900 ms CreateObjectMapping: 0.447300 ms MarkObjects: 4.540200 ms  DeleteObjects: 2.081100 ms)

Prepare: number of updated asset objects reloaded= 0
========================================================================
Received Prepare
Begin MonoManager ReloadAssembly
- Loaded All Assemblies, in  0.640 seconds
Refreshing native plugins compatible for Editor in 2.13 ms, found 4 plugins.
Native extension for Android target not found
Native extension for UWP target not found
Native extension for WindowsStandalone target not found
Native extension for WebGL target not found
Mono: successfully reloaded assembly
- Finished resetting the current domain, in  0.728 seconds
Domain Reload Profiling: 1365ms
	BeginReloadAssembly (176ms)
		ExecutionOrderSort (0ms)
		DisableScriptedObjects (12ms)
		BackupInstance (0ms)
		ReleaseScriptingObjects (0ms)
		CreateAndSetChildDomain (40ms)
	RebuildCommonClasses (29ms)
	RebuildNativeTypeToScriptingClass (10ms)
	initialDomainReloadingComplete (26ms)
	LoadAllAssembliesAndSetupDomain (396ms)
		LoadAssemblies (311ms)
		RebuildTransferFunctionScriptingTraits (0ms)
		AnalyzeDomain (169ms)
			TypeCache.Refresh (5ms)
				TypeCache.ScanAssembly (0ms)
			BuildScriptInfoCaches (152ms)
			ResolveRequiredComponents (9ms)
	FinalizeReload (728ms)
		ReleaseScriptCaches (0ms)
		RebuildScriptCaches (0ms)
		SetupLoadedEditorAssemblies (549ms)
			LogAssemblyErrors (0ms)
			InitializePlatformSupportModulesInManaged (12ms)
			SetLoadedEditorAssemblies (4ms)
			BeforeProcessingInitializeOnLoad (68ms)
			ProcessInitializeOnLoadAttributes (403ms)
			ProcessInitializeOnLoadMethodAttributes (54ms)
			AfterProcessingInitializeOnLoad (8ms)
			EditorAssembliesLoaded (0ms)
		ExecutionOrderSort2 (0ms)
		AwakeInstancesAfterBackupRestoration (10ms)
Refreshing native plugins compatible for Editor in 3.58 ms, found 4 plugins.
Preloading 0 native plugins for Editor in 0.00 ms.
Unloading 13 Unused Serialized files (Serialized files now loaded: 0)
Unloading 6595 unused Assets / (5.0 MB). Loaded Objects now: 7440.
Memory consumption went from 157.9 MB to 152.9 MB.
Total: 8.777300 ms (FindLiveObjects: 0.915200 ms CreateObjectMapping: 0.362700 ms MarkObjects: 4.788200 ms  DeleteObjects: 2.709900 ms)

Prepare: number of updated asset objects reloaded= 0
========================================================================
Received Prepare
Begin MonoManager ReloadAssembly
- Loaded All Assemblies, in  0.644 seconds
Refreshing native plugins compatible for Editor in 2.41 ms, found 4 plugins.
Native extension for Android target not found
Native extension for UWP target not found
Native extension for WindowsStandalone target not found
Native extension for WebGL target not found
Mono: successfully reloaded assembly
- Finished resetting the current domain, in  0.738 seconds
Domain Reload Profiling: 1378ms
	BeginReloadAssembly (176ms)
		ExecutionOrderSort (0ms)
		DisableScriptedObjects (12ms)
		BackupInstance (0ms)
		ReleaseScriptingObjects (0ms)
		CreateAndSetChildDomain (40ms)
	RebuildCommonClasses (29ms)
	RebuildNativeTypeToScriptingClass (10ms)
	initialDomainReloadingComplete (26ms)
	LoadAllAssembliesAndSetupDomain (399ms)
		LoadAssemblies (316ms)
		RebuildTransferFunctionScriptingTraits (0ms)
		AnalyzeDomain (166ms)
			TypeCache.Refresh (6ms)
				TypeCache.ScanAssembly (0ms)
			BuildScriptInfoCaches (148ms)
			ResolveRequiredComponents (9ms)
	FinalizeReload (738ms)
		ReleaseScriptCaches (0ms)
		RebuildScriptCaches (0ms)
		SetupLoadedEditorAssemblies (561ms)
			LogAssemblyErrors (0ms)
			InitializePlatformSupportModulesInManaged (13ms)
			SetLoadedEditorAssemblies (4ms)
			BeforeProcessingInitializeOnLoad (68ms)
			ProcessInitializeOnLoadAttributes (409ms)
			ProcessInitializeOnLoadMethodAttributes (57ms)
			AfterProcessingInitializeOnLoad (8ms)
			EditorAssembliesLoaded (0ms)
		ExecutionOrderSort2 (0ms)
		AwakeInstancesAfterBackupRestoration (11ms)
Refreshing native plugins compatible for Editor in 3.58 ms, found 4 plugins.
Preloading 0 native plugins for Editor in 0.00 ms.
Unloading 13 Unused Serialized files (Serialized files now loaded: 0)
Unloading 6595 unused Assets / (4.4 MB). Loaded Objects now: 7442.
Memory consumption went from 157.9 MB to 153.4 MB.
Total: 7.644900 ms (FindLiveObjects: 0.686500 ms CreateObjectMapping: 0.379000 ms MarkObjects: 4.490500 ms  DeleteObjects: 2.088000 ms)

Prepare: number of updated asset objects reloaded= 0
========================================================================
Received Prepare
Begin MonoManager ReloadAssembly
- Loaded All Assemblies, in  0.636 seconds
Refreshing native plugins compatible for Editor in 2.44 ms, found 4 plugins.
Native extension for Android target not found
Native extension for UWP target not found
Native extension for WindowsStandalone target not found
Native extension for WebGL target not found
Mono: successfully reloaded assembly
- Finished resetting the current domain, in  0.729 seconds
Domain Reload Profiling: 1363ms
	BeginReloadAssembly (175ms)
		ExecutionOrderSort (0ms)
		DisableScriptedObjects (14ms)
		BackupInstance (0ms)
		ReleaseScriptingObjects (0ms)
		CreateAndSetChildDomain (41ms)
	RebuildCommonClasses (29ms)
	RebuildNativeTypeToScriptingClass (10ms)
	initialDomainReloadingComplete (25ms)
	LoadAllAssembliesAndSetupDomain (394ms)
		LoadAssemblies (302ms)
		RebuildTransferFunctionScriptingTraits (0ms)
		AnalyzeDomain (172ms)
			TypeCache.Refresh (6ms)
				TypeCache.ScanAssembly (0ms)
			BuildScriptInfoCaches (155ms)
			ResolveRequiredComponents (9ms)
	FinalizeReload (730ms)
		ReleaseScriptCaches (0ms)
		RebuildScriptCaches (0ms)
		SetupLoadedEditorAssemblies (555ms)
			LogAssemblyErrors (0ms)
			InitializePlatformSupportModulesInManaged (12ms)
			SetLoadedEditorAssemblies (4ms)
			BeforeProcessingInitializeOnLoad (69ms)
			ProcessInitializeOnLoadAttributes (408ms)
			ProcessInitializeOnLoadMethodAttributes (54ms)
			AfterProcessingInitializeOnLoad (8ms)
			EditorAssembliesLoaded (0ms)
		ExecutionOrderSort2 (0ms)
		AwakeInstancesAfterBackupRestoration (10ms)
Refreshing native plugins compatible for Editor in 3.66 ms, found 4 plugins.
Preloading 0 native plugins for Editor in 0.00 ms.
Unloading 13 Unused Serialized files (Serialized files now loaded: 0)
Unloading 6595 unused Assets / (4.6 MB). Loaded Objects now: 7444.
Memory consumption went from 157.9 MB to 153.4 MB.
Total: 7.166100 ms (FindLiveObjects: 0.650600 ms CreateObjectMapping: 0.358500 ms MarkObjects: 4.319300 ms  DeleteObjects: 1.837000 ms)

Prepare: number of updated asset objects reloaded= 0
========================================================================
Received Prepare
Begin MonoManager ReloadAssembly
- Loaded All Assemblies, in  0.664 seconds
Refreshing native plugins compatible for Editor in 2.01 ms, found 4 plugins.
Native extension for Android target not found
Native extension for UWP target not found
Native extension for WindowsStandalone target not found
Native extension for WebGL target not found
Mono: successfully reloaded assembly
- Finished resetting the current domain, in  0.797 seconds
Domain Reload Profiling: 1458ms
	BeginReloadAssembly (182ms)
		ExecutionOrderSort (0ms)
		DisableScriptedObjects (13ms)
		BackupInstance (0ms)
		ReleaseScriptingObjects (0ms)
		CreateAndSetChildDomain (41ms)
	RebuildCommonClasses (32ms)
	RebuildNativeTypeToScriptingClass (11ms)
	initialDomainReloadingComplete (27ms)
	LoadAllAssembliesAndSetupDomain (409ms)
		LoadAssemblies (319ms)
		RebuildTransferFunctionScriptingTraits (0ms)
		AnalyzeDomain (178ms)
			TypeCache.Refresh (5ms)
				TypeCache.ScanAssembly (0ms)
			BuildScriptInfoCaches (160ms)
			ResolveRequiredComponents (10ms)
	FinalizeReload (798ms)
		ReleaseScriptCaches (0ms)
		RebuildScriptCaches (0ms)
		SetupLoadedEditorAssemblies (623ms)
			LogAssemblyErrors (0ms)
			InitializePlatformSupportModulesInManaged (12ms)
			SetLoadedEditorAssemblies (5ms)
			BeforeProcessingInitializeOnLoad (75ms)
			ProcessInitializeOnLoadAttributes (466ms)
			ProcessInitializeOnLoadMethodAttributes (57ms)
			AfterProcessingInitializeOnLoad (8ms)
			EditorAssembliesLoaded (0ms)
		ExecutionOrderSort2 (0ms)
		AwakeInstancesAfterBackupRestoration (12ms)
Refreshing native plugins compatible for Editor in 3.80 ms, found 4 plugins.
Preloading 0 native plugins for Editor in 0.00 ms.
Unloading 13 Unused Serialized files (Serialized files now loaded: 0)
Unloading 6595 unused Assets / (4.5 MB). Loaded Objects now: 7446.
Memory consumption went from 157.9 MB to 153.4 MB.
Total: 8.308700 ms (FindLiveObjects: 0.797900 ms CreateObjectMapping: 0.631500 ms MarkObjects: 4.887400 ms  DeleteObjects: 1.991100 ms)

Prepare: number of updated asset objects reloaded= 0
========================================================================
Received Import Request.
  Time since last request: 444.782210 seconds.
  path: Assets/AmiSF/Prefabs/GAME_MGR.prefab
  artifactKey: Guid(44aeb5e1d45d12248a2235ce8e36213b) Importer(815301076,1909f56bfc062723c751e8b465ee728b)
Start importing Assets/AmiSF/Prefabs/GAME_MGR.prefab using Guid(44aeb5e1d45d12248a2235ce8e36213b) Importer(815301076,1909f56bfc062723c751e8b465ee728b) (PreviewImporter) -> (artifact id: 'cb30c606b752268f58a02489d9060ddc') in 0.4462528 seconds
Number of updated asset objects reloaded before import = 0Number of asset objects unloaded after import = 291

========================================================================
Received Import Request.
  Time since last request: 0.129131 seconds.
  path: Assets/AmiSF/Prefabs/mini games/bring alcohol.prefab
  artifactKey: Guid(086003f7a4ce9304e8f46adf3ea3b65e) Importer(815301076,1909f56bfc062723c751e8b465ee728b)
Start importing Assets/AmiSF/Prefabs/mini games/bring alcohol.prefab using Guid(086003f7a4ce9304e8f46adf3ea3b65e) Importer(815301076,1909f56bfc062723c751e8b465ee728b) (PreviewImporter) -> (artifact id: '27ad6d0fac52876bc79dcabb5890bb45') in 0.0170814 seconds
Number of updated asset objects reloaded before import = 0Number of asset objects unloaded after import = 81

========================================================================
Received Import Request.
  Time since last request: 6.110582 seconds.
  path: Assets/AmiSF/Prefabs/mini games/bring alcohol.prefab
  artifactKey: Guid(086003f7a4ce9304e8f46adf3ea3b65e) Importer(815301076,1909f56bfc062723c751e8b465ee728b)
Start importing Assets/AmiSF/Prefabs/mini games/bring alcohol.prefab using Guid(086003f7a4ce9304e8f46adf3ea3b65e) Importer(815301076,1909f56bfc062723c751e8b465ee728b) (PreviewImporter) -> (artifact id: '1a64ac6c5725542d145f815778298498') in 0.0152724 seconds
Number of updated asset objects reloaded before import = 0Number of asset objects unloaded after import = 81

========================================================================
Received Import Request.
  Time since last request: 11.051036 seconds.
  path: Assets/AmiSF/Prefabs/GAME_MGR.prefab
  artifactKey: Guid(44aeb5e1d45d12248a2235ce8e36213b) Importer(815301076,1909f56bfc062723c751e8b465ee728b)
Start importing Assets/AmiSF/Prefabs/GAME_MGR.prefab using Guid(44aeb5e1d45d12248a2235ce8e36213b) Importer(815301076,1909f56bfc062723c751e8b465ee728b) (PreviewImporter) -> (artifact id: 'a81b42a672c58c064a8b095e2a2a1730') in 0.0364245 seconds
Number of updated asset objects reloaded before import = 0Number of asset objects unloaded after import = 291

========================================================================
Received Import Request.
  Time since last request: 5.090902 seconds.
  path: Assets/AmiSF/Prefabs/GAME_MGR.prefab
  artifactKey: Guid(44aeb5e1d45d12248a2235ce8e36213b) Importer(815301076,1909f56bfc062723c751e8b465ee728b)
Start importing Assets/AmiSF/Prefabs/GAME_MGR.prefab using Guid(44aeb5e1d45d12248a2235ce8e36213b) Importer(815301076,1909f56bfc062723c751e8b465ee728b) (PreviewImporter) -> (artifact id: '71bf4f501a2d6a726ab92b9559d55741') in 0.030889 seconds
Number of updated asset objects reloaded before import = 0Number of asset objects unloaded after import = 211

========================================================================
Received Import Request.
  Time since last request: 0.000022 seconds.
  path: Assets/AmiSF/Prefabs/MAIN_MENU.prefab
  artifactKey: Guid(28dd3e34bdc9e9747bf56df9b3395613) Importer(815301076,1909f56bfc062723c751e8b465ee728b)
Start importing Assets/AmiSF/Prefabs/MAIN_MENU.prefab using Guid(28dd3e34bdc9e9747bf56df9b3395613) Importer(815301076,1909f56bfc062723c751e8b465ee728b) (PreviewImporter) -> (artifact id: '771c9236f2b6863adbef389aa27a8404') in 0.0313752 seconds
Number of updated asset objects reloaded before import = 0Number of asset objects unloaded after import = 276

========================================================================
Received Import Request.
  Time since last request: 2.326786 seconds.
  path: Assets/AmiSF/Prefabs/GAME_MGR.prefab
  artifactKey: Guid(44aeb5e1d45d12248a2235ce8e36213b) Importer(815301076,1909f56bfc062723c751e8b465ee728b)
Start importing Assets/AmiSF/Prefabs/GAME_MGR.prefab using Guid(44aeb5e1d45d12248a2235ce8e36213b) Importer(815301076,1909f56bfc062723c751e8b465ee728b) (PreviewImporter) -> (artifact id: '96156c1f1f1faf48ddc36443411b8d1f') in 0.0750926 seconds
Number of updated asset objects reloaded before import = 0Number of asset objects unloaded after import = 736

========================================================================
Received Prepare
Begin MonoManager ReloadAssembly
- Loaded All Assemblies, in  0.684 seconds
Refreshing native plugins compatible for Editor in 2.03 ms, found 4 plugins.
Native extension for Android target not found
Native extension for UWP target not found
Native extension for WindowsStandalone target not found
Native extension for WebGL target not found
Mono: successfully reloaded assembly
- Finished resetting the current domain, in  0.774 seconds
Domain Reload Profiling: 1456ms
	BeginReloadAssembly (211ms)
		ExecutionOrderSort (0ms)
		DisableScriptedObjects (23ms)
		BackupInstance (0ms)
		ReleaseScriptingObjects (0ms)
		CreateAndSetChildDomain (58ms)
	RebuildCommonClasses (29ms)
	RebuildNativeTypeToScriptingClass (10ms)
	initialDomainReloadingComplete (26ms)
	LoadAllAssembliesAndSetupDomain (405ms)
		LoadAssemblies (324ms)
		RebuildTransferFunctionScriptingTraits (0ms)
		AnalyzeDomain (171ms)
			TypeCache.Refresh (5ms)
				TypeCache.ScanAssembly (0ms)
			BuildScriptInfoCaches (153ms)
			ResolveRequiredComponents (10ms)
	FinalizeReload (775ms)
		ReleaseScriptCaches (0ms)
		RebuildScriptCaches (0ms)
		SetupLoadedEditorAssemblies (586ms)
			LogAssemblyErrors (0ms)
			InitializePlatformSupportModulesInManaged (14ms)
			SetLoadedEditorAssemblies (4ms)
			BeforeProcessingInitializeOnLoad (72ms)
			ProcessInitializeOnLoadAttributes (425ms)
			ProcessInitializeOnLoadMethodAttributes (58ms)
			AfterProcessingInitializeOnLoad (13ms)
			EditorAssembliesLoaded (0ms)
		ExecutionOrderSort2 (0ms)
		AwakeInstancesAfterBackupRestoration (11ms)
Refreshing native plugins compatible for Editor in 3.10 ms, found 4 plugins.
Preloading 0 native plugins for Editor in 0.00 ms.
Unloading 13 Unused Serialized files (Serialized files now loaded: 0)
Unloading 6595 unused Assets / (4.8 MB). Loaded Objects now: 7470.
Memory consumption went from 159.7 MB to 154.8 MB.
Total: 13.428100 ms (FindLiveObjects: 1.173000 ms CreateObjectMapping: 0.638900 ms MarkObjects: 5.126100 ms  DeleteObjects: 6.488900 ms)

Prepare: number of updated asset objects reloaded= 0
========================================================================
Received Import Request.
  Time since last request: 211.424135 seconds.
  path: Assets/AmiSF/Prefabs/mini games/bring alcohol.prefab
  artifactKey: Guid(086003f7a4ce9304e8f46adf3ea3b65e) Importer(815301076,1909f56bfc062723c751e8b465ee728b)
Start importing Assets/AmiSF/Prefabs/mini games/bring alcohol.prefab using Guid(086003f7a4ce9304e8f46adf3ea3b65e) Importer(815301076,1909f56bfc062723c751e8b465ee728b) (PreviewImporter) -> (artifact id: '91004c4969c50e1637c4aeeea5a393af') in 0.3998803 seconds
Number of updated asset objects reloaded before import = 0Number of asset objects unloaded after import = 81

========================================================================
Received Import Request.
  Time since last request: 80.486639 seconds.
  path: Assets/AmiSF/Sprites/instructions/bring alcohol.png
  artifactKey: Guid(06f9853ed3b84614f81ca0ce661f07d4) Importer(815301076,1909f56bfc062723c751e8b465ee728b)
Start importing Assets/AmiSF/Sprites/instructions/bring alcohol.png using Guid(06f9853ed3b84614f81ca0ce661f07d4) Importer(815301076,1909f56bfc062723c751e8b465ee728b) (PreviewImporter) -> (artifact id: 'a132d8b8b0a493a12a2ca1c5349ab578') in 0.0273112 seconds
Number of updated asset objects reloaded before import = 0Number of asset objects unloaded after import = 3

========================================================================
Received Import Request.
  Time since last request: 183.284575 seconds.
  path: Assets/AmiSF/todo.txt
  artifactKey: Guid(180c16b6021f79940bbdf668904c626b) Importer(815301076,1909f56bfc062723c751e8b465ee728b)
Start importing Assets/AmiSF/todo.txt using Guid(180c16b6021f79940bbdf668904c626b) Importer(815301076,1909f56bfc062723c751e8b465ee728b) (PreviewImporter) -> (artifact id: 'b72042d92d2df08a5060686b6e416caf') in 0.0014243 seconds
Number of updated asset objects reloaded before import = 0Number of asset objects unloaded after import = 1

